Start testing: May 10 23:39 MSK
----------------------------------------------------------
1/72 Testing: /home/bekzat/Documents/Innopolis/3_years/advance_compiler/week-6-stella-with-universal-types-rkBekzat/tests/core/ill-typed/applying-non-function-1.stella
1/72 Test: /home/bekzat/Documents/Innopolis/3_years/advance_compiler/week-6-stella-with-universal-types-rkBekzat/tests/core/ill-typed/applying-non-function-1.stella
Command: "/home/bekzat/Documents/Innopolis/3_years/advance_compiler/week-6-stella-with-universal-types-rkBekzat/cmake-build-debug/stella-interpreter" "typecheck" "/home/bekzat/Documents/Innopolis/3_years/advance_compiler/week-6-stella-with-universal-types-rkBekzat/tests/core/ill-typed/applying-non-function-1.stella"
Directory: /home/bekzat/Documents/Innopolis/3_years/advance_compiler/week-6-stella-with-universal-types-rkBekzat/cmake-build-debug
"/home/bekzat/Documents/Innopolis/3_years/advance_compiler/week-6-stella-with-universal-types-rkBekzat/tests/core/ill-typed/applying-non-function-1.stella" start time: May 10 23:39 MSK
Output:
----------------------------------------------------------
parsing succeeded!
prog is not null
Start Program
visitLanguageCore
visitListExtension: 
visitListDecl: 
Visiting function declaration for main
visitListAnnotation: 
visitListParamDecl: 
visitAParamDecl
Visiting NAT: 3  12
SET the stellIDENT: f 2

Visiting StellaIdent: f
SomereturnType
Visiting NAT: 3  20
visitNoThrowType
visitListDecl: 
visitApplication 
visitVar
Visiting StellaIdent: f
ERROR: This is not function. On line: 4 at position: 9 2
<end of output>
Test time =   0.00 sec
----------------------------------------------------------
Test Passed.
"/home/bekzat/Documents/Innopolis/3_years/advance_compiler/week-6-stella-with-universal-types-rkBekzat/tests/core/ill-typed/applying-non-function-1.stella" end time: May 10 23:39 MSK
"/home/bekzat/Documents/Innopolis/3_years/advance_compiler/week-6-stella-with-universal-types-rkBekzat/tests/core/ill-typed/applying-non-function-1.stella" time elapsed: 00:00:00
----------------------------------------------------------

2/72 Testing: /home/bekzat/Documents/Innopolis/3_years/advance_compiler/week-6-stella-with-universal-types-rkBekzat/tests/core/ill-typed/applying-non-function-2.stella
2/72 Test: /home/bekzat/Documents/Innopolis/3_years/advance_compiler/week-6-stella-with-universal-types-rkBekzat/tests/core/ill-typed/applying-non-function-2.stella
Command: "/home/bekzat/Documents/Innopolis/3_years/advance_compiler/week-6-stella-with-universal-types-rkBekzat/cmake-build-debug/stella-interpreter" "typecheck" "/home/bekzat/Documents/Innopolis/3_years/advance_compiler/week-6-stella-with-universal-types-rkBekzat/tests/core/ill-typed/applying-non-function-2.stella"
Directory: /home/bekzat/Documents/Innopolis/3_years/advance_compiler/week-6-stella-with-universal-types-rkBekzat/cmake-build-debug
"/home/bekzat/Documents/Innopolis/3_years/advance_compiler/week-6-stella-with-universal-types-rkBekzat/tests/core/ill-typed/applying-non-function-2.stella" start time: May 10 23:39 MSK
Output:
----------------------------------------------------------
parsing succeeded!
prog is not null
Start Program
visitLanguageCore
visitListExtension: 
visitListDecl: 
Visiting function declaration for main
visitListAnnotation: 
visitListParamDecl: 
visitAParamDecl
Visiting NAT: 3  12
SET the stellIDENT: n 2

Visiting StellaIdent: n
SomereturnType
Visiting NAT: 3  20
visitNoThrowType
visitListDecl: 
visitApplication 
visitSucc
visitVar
Visiting StellaIdent: n
ERROR: This is not function. On line: 4 at position: 9 2
<end of output>
Test time =   0.00 sec
----------------------------------------------------------
Test Passed.
"/home/bekzat/Documents/Innopolis/3_years/advance_compiler/week-6-stella-with-universal-types-rkBekzat/tests/core/ill-typed/applying-non-function-2.stella" end time: May 10 23:39 MSK
"/home/bekzat/Documents/Innopolis/3_years/advance_compiler/week-6-stella-with-universal-types-rkBekzat/tests/core/ill-typed/applying-non-function-2.stella" time elapsed: 00:00:00
----------------------------------------------------------

3/72 Testing: /home/bekzat/Documents/Innopolis/3_years/advance_compiler/week-6-stella-with-universal-types-rkBekzat/tests/core/ill-typed/applying-non-function-3.stella
3/72 Test: /home/bekzat/Documents/Innopolis/3_years/advance_compiler/week-6-stella-with-universal-types-rkBekzat/tests/core/ill-typed/applying-non-function-3.stella
Command: "/home/bekzat/Documents/Innopolis/3_years/advance_compiler/week-6-stella-with-universal-types-rkBekzat/cmake-build-debug/stella-interpreter" "typecheck" "/home/bekzat/Documents/Innopolis/3_years/advance_compiler/week-6-stella-with-universal-types-rkBekzat/tests/core/ill-typed/applying-non-function-3.stella"
Directory: /home/bekzat/Documents/Innopolis/3_years/advance_compiler/week-6-stella-with-universal-types-rkBekzat/cmake-build-debug
"/home/bekzat/Documents/Innopolis/3_years/advance_compiler/week-6-stella-with-universal-types-rkBekzat/tests/core/ill-typed/applying-non-function-3.stella" start time: May 10 23:39 MSK
Output:
----------------------------------------------------------
parsing succeeded!
prog is not null
Start Program
visitLanguageCore
visitListExtension: 
visitListDecl: 
Visiting function declaration for main
visitListAnnotation: 
visitListParamDecl: 
visitAParamDecl
Visiting NAT: 3  12
SET the stellIDENT: n 2

Visiting StellaIdent: n
SomereturnType
Visiting NAT: 3  20
visitNoThrowType
visitListDecl: 
visitApplication 
visitApplication 
visitApplication 
visitAbstraction
visitListParamDecl: 
visitAParamDecl
visitBool
AMAZING WOKR: Bool 

SET the stellIDENT: x 1

Visiting StellaIdent: x
visitAbstraction
visitListParamDecl: 
visitAParamDecl
Visiting NAT: 4  39
SET the stellIDENT: y 2

Visiting StellaIdent: y
visitSucc
visitVar
Visiting StellaIdent: y
EXIT ABSTRACTIONFUNC: 3 2EXIT ABSTRACTIONFUNC: 3 3visitListExpr: 
----Before : 
ConstFalse
Before end application: 3 3
visitListExpr: 
----Before : 
ConstInt
visitInt: 0
Before end application: 3 2
ERROR: This is not function. On line: 4 at position: 9 2
<end of output>
Test time =   0.01 sec
----------------------------------------------------------
Test Passed.
"/home/bekzat/Documents/Innopolis/3_years/advance_compiler/week-6-stella-with-universal-types-rkBekzat/tests/core/ill-typed/applying-non-function-3.stella" end time: May 10 23:39 MSK
"/home/bekzat/Documents/Innopolis/3_years/advance_compiler/week-6-stella-with-universal-types-rkBekzat/tests/core/ill-typed/applying-non-function-3.stella" time elapsed: 00:00:00
----------------------------------------------------------

4/72 Testing: /home/bekzat/Documents/Innopolis/3_years/advance_compiler/week-6-stella-with-universal-types-rkBekzat/tests/core/ill-typed/argument-type-mismatch-1.stella
4/72 Test: /home/bekzat/Documents/Innopolis/3_years/advance_compiler/week-6-stella-with-universal-types-rkBekzat/tests/core/ill-typed/argument-type-mismatch-1.stella
Command: "/home/bekzat/Documents/Innopolis/3_years/advance_compiler/week-6-stella-with-universal-types-rkBekzat/cmake-build-debug/stella-interpreter" "typecheck" "/home/bekzat/Documents/Innopolis/3_years/advance_compiler/week-6-stella-with-universal-types-rkBekzat/tests/core/ill-typed/argument-type-mismatch-1.stella"
Directory: /home/bekzat/Documents/Innopolis/3_years/advance_compiler/week-6-stella-with-universal-types-rkBekzat/cmake-build-debug
"/home/bekzat/Documents/Innopolis/3_years/advance_compiler/week-6-stella-with-universal-types-rkBekzat/tests/core/ill-typed/argument-type-mismatch-1.stella" start time: May 10 23:39 MSK
Output:
----------------------------------------------------------
parsing succeeded!
prog is not null
Start Program
visitLanguageCore
visitListExtension: 
visitListDecl: 
Visiting function declaration for main
visitListAnnotation: 
visitListParamDecl: 
visitAParamDecl
Visiting NAT: 3  12
SET the stellIDENT: n 2

Visiting StellaIdent: n
SomereturnType
Visiting NAT: 3  20
visitNoThrowType
visitListDecl: 
visitApplication 
visitApplication 
visitAbstraction
visitListParamDecl: 
visitAParamDecl
visitBool
AMAZING WOKR: Bool 

SET the stellIDENT: x 1

Visiting StellaIdent: x
visitAbstraction
visitListParamDecl: 
visitAParamDecl
Visiting NAT: 4  39
SET the stellIDENT: y 2

Visiting StellaIdent: y
visitSucc
visitVar
Visiting StellaIdent: y
EXIT ABSTRACTIONFUNC: 3 2EXIT ABSTRACTIONFUNC: 3 3visitListExpr: 
----Before : 
ConstInt
visitInt: 0
2   1   ERROR: mismatch argument and not subtyping, on line: 4
<end of output>
Test time =   0.00 sec
----------------------------------------------------------
Test Passed.
"/home/bekzat/Documents/Innopolis/3_years/advance_compiler/week-6-stella-with-universal-types-rkBekzat/tests/core/ill-typed/argument-type-mismatch-1.stella" end time: May 10 23:39 MSK
"/home/bekzat/Documents/Innopolis/3_years/advance_compiler/week-6-stella-with-universal-types-rkBekzat/tests/core/ill-typed/argument-type-mismatch-1.stella" time elapsed: 00:00:00
----------------------------------------------------------

5/72 Testing: /home/bekzat/Documents/Innopolis/3_years/advance_compiler/week-6-stella-with-universal-types-rkBekzat/tests/core/ill-typed/argument-type-mismatch-2.stella
5/72 Test: /home/bekzat/Documents/Innopolis/3_years/advance_compiler/week-6-stella-with-universal-types-rkBekzat/tests/core/ill-typed/argument-type-mismatch-2.stella
Command: "/home/bekzat/Documents/Innopolis/3_years/advance_compiler/week-6-stella-with-universal-types-rkBekzat/cmake-build-debug/stella-interpreter" "typecheck" "/home/bekzat/Documents/Innopolis/3_years/advance_compiler/week-6-stella-with-universal-types-rkBekzat/tests/core/ill-typed/argument-type-mismatch-2.stella"
Directory: /home/bekzat/Documents/Innopolis/3_years/advance_compiler/week-6-stella-with-universal-types-rkBekzat/cmake-build-debug
"/home/bekzat/Documents/Innopolis/3_years/advance_compiler/week-6-stella-with-universal-types-rkBekzat/tests/core/ill-typed/argument-type-mismatch-2.stella" start time: May 10 23:39 MSK
Output:
----------------------------------------------------------
parsing succeeded!
prog is not null
Start Program
visitLanguageCore
visitListExtension: 
visitListDecl: 
Visiting function declaration for iszero
visitListAnnotation: 
visitListParamDecl: 
visitAParamDecl
Visiting NAT: 3  14
SET the stellIDENT: n 2

Visiting StellaIdent: n
SomereturnType
visitBool
AMAZING WOKR: Bool 

visitNoThrowType
visitListDecl: 
visitNatRec
visitVar
Visiting StellaIdent: n
ConstTrue 
visitAbstraction
visitListParamDecl: 
visitAParamDecl
Visiting NAT: 4  36
SET the stellIDENT: i 2

Visiting StellaIdent: i
visitAbstraction
visitListParamDecl: 
visitAParamDecl
visitBool
AMAZING WOKR: Bool 

SET the stellIDENT: r 1

Visiting StellaIdent: r
ConstTrue 
EXIT ABSTRACTIONFUNC: 3 1EXIT ABSTRACTIONFUNC: 3 3Fucntion go out: 3 1 1 1
Function name: iszero
AFTER DECL: iszero  3
Visiting StellaIdent: iszero
Visiting function declaration for f
visitListAnnotation: 
visitListParamDecl: 
visitAParamDecl
visitTypeFun
visitListType: 
visitBool
AMAZING WOKR: Bool 

Visiting NAT: 11  21
SET the stellIDENT: g 3

Visiting StellaIdent: g
SomereturnType
visitTypeFun
visitListType: 
Visiting NAT: 11  32
Visiting NAT: 11  40
visitNoThrowType
visitListDecl: 
visitAbstraction
visitListParamDecl: 
visitAParamDecl
Visiting NAT: 12  18
SET the stellIDENT: n 2

Visiting StellaIdent: n
visitApplication 
visitVar
Visiting StellaIdent: g
visitListExpr: 
----Before : 
VisitIf
visitApplication 
visitVar
Visiting StellaIdent: iszero
visitListExpr: 
----Before : 
visitVar
Visiting StellaIdent: n
Before end application: 3 1
ConstFalse
ConstTrue 
Before end application: 3 2
EXIT ABSTRACTIONFUNC: 3 2Fucntion go out: 3 3 3 3
Function name: f
AFTER DECL: f  3
Visiting StellaIdent: f
Visiting function declaration for main
visitListAnnotation: 
visitListParamDecl: 
visitAParamDecl
Visiting NAT: 17  12
SET the stellIDENT: n 2

Visiting StellaIdent: n
SomereturnType
Visiting NAT: 17  20
visitNoThrowType
visitListDecl: 
visitApplication 
visitApplication 
visitVar
Visiting StellaIdent: f
visitListExpr: 
----Before : 
visitAbstraction
visitListParamDecl: 
visitAParamDecl
Visiting NAT: 18  19
SET the stellIDENT: x 2

Visiting StellaIdent: x
visitVar
Visiting StellaIdent: n
EXIT ABSTRACTIONFUNC: 3 23   3   ERROR: mismatch argument and not subtyping, on line: 18
<end of output>
Test time =   0.00 sec
----------------------------------------------------------
Test Passed.
"/home/bekzat/Documents/Innopolis/3_years/advance_compiler/week-6-stella-with-universal-types-rkBekzat/tests/core/ill-typed/argument-type-mismatch-2.stella" end time: May 10 23:39 MSK
"/home/bekzat/Documents/Innopolis/3_years/advance_compiler/week-6-stella-with-universal-types-rkBekzat/tests/core/ill-typed/argument-type-mismatch-2.stella" time elapsed: 00:00:00
----------------------------------------------------------

6/72 Testing: /home/bekzat/Documents/Innopolis/3_years/advance_compiler/week-6-stella-with-universal-types-rkBekzat/tests/core/ill-typed/argument-type-mismatch-3.stella
6/72 Test: /home/bekzat/Documents/Innopolis/3_years/advance_compiler/week-6-stella-with-universal-types-rkBekzat/tests/core/ill-typed/argument-type-mismatch-3.stella
Command: "/home/bekzat/Documents/Innopolis/3_years/advance_compiler/week-6-stella-with-universal-types-rkBekzat/cmake-build-debug/stella-interpreter" "typecheck" "/home/bekzat/Documents/Innopolis/3_years/advance_compiler/week-6-stella-with-universal-types-rkBekzat/tests/core/ill-typed/argument-type-mismatch-3.stella"
Directory: /home/bekzat/Documents/Innopolis/3_years/advance_compiler/week-6-stella-with-universal-types-rkBekzat/cmake-build-debug
"/home/bekzat/Documents/Innopolis/3_years/advance_compiler/week-6-stella-with-universal-types-rkBekzat/tests/core/ill-typed/argument-type-mismatch-3.stella" start time: May 10 23:39 MSK
Output:
----------------------------------------------------------
parsing succeeded!
prog is not null
Start Program
visitLanguageCore
visitListExtension: 
visitListDecl: 
Visiting function declaration for iszero
visitListAnnotation: 
visitListParamDecl: 
visitAParamDecl
Visiting NAT: 3  14
SET the stellIDENT: n 2

Visiting StellaIdent: n
SomereturnType
visitBool
AMAZING WOKR: Bool 

visitNoThrowType
visitListDecl: 
visitNatRec
visitVar
Visiting StellaIdent: n
ConstTrue 
visitAbstraction
visitListParamDecl: 
visitAParamDecl
Visiting NAT: 4  36
SET the stellIDENT: i 2

Visiting StellaIdent: i
visitAbstraction
visitListParamDecl: 
visitAParamDecl
visitBool
AMAZING WOKR: Bool 

SET the stellIDENT: r 1

Visiting StellaIdent: r
ConstTrue 
EXIT ABSTRACTIONFUNC: 3 1EXIT ABSTRACTIONFUNC: 3 3Fucntion go out: 3 1 1 1
Function name: iszero
AFTER DECL: iszero  3
Visiting StellaIdent: iszero
Visiting function declaration for k
visitListAnnotation: 
visitListParamDecl: 
visitAParamDecl
visitTypeFun
visitListType: 
Visiting NAT: 11  12
visitTypeFun
visitListType: 
visitTypeFun
visitListType: 
Visiting NAT: 11  27
visitBool
AMAZING WOKR: Bool 

Visiting NAT: 11  44
SET the stellIDENT: g 3

Visiting StellaIdent: g
SomereturnType
Visiting NAT: 11  53
visitNoThrowType
visitListDecl: 
visitApplication 
visitApplication 
visitVar
Visiting StellaIdent: g
visitListExpr: 
----Before : 
visitSucc
visitSucc
ConstInt
visitInt: 0
Before end application: 3 3
visitListExpr: 
----Before : 
visitAbstraction
visitListParamDecl: 
visitAParamDecl
Visiting NAT: 12  35
SET the stellIDENT: k 2

Visiting StellaIdent: k
VisitIf
visitApplication 
visitVar
Visiting StellaIdent: iszero
visitListExpr: 
----Before : 
visitVar
Visiting StellaIdent: k
Before end application: 3 1
ConstFalse
ConstTrue 
EXIT ABSTRACTIONFUNC: 3 1Before end application: 3 2
Fucntion go out: 3 2 2 3
Function name: k
AFTER DECL: k  3
Visiting StellaIdent: k
Visiting function declaration for main
visitListAnnotation: 
visitListParamDecl: 
visitAParamDecl
Visiting NAT: 17  12
SET the stellIDENT: n 2

Visiting StellaIdent: n
SomereturnType
Visiting NAT: 17  20
visitNoThrowType
visitListDecl: 
visitApplication 
visitVar
Visiting StellaIdent: k
visitListExpr: 
----Before : 
visitAbstraction
visitListParamDecl: 
visitAParamDecl
Visiting NAT: 18  19
SET the stellIDENT: n 2

Visiting StellaIdent: n
visitAbstraction
visitListParamDecl: 
visitAParamDecl
visitTypeFun
visitListType: 
Visiting NAT: 19  23
Visiting NAT: 19  31
SET the stellIDENT: h 3

Visiting StellaIdent: h
visitApplication 
visitVar
Visiting StellaIdent: h
visitListExpr: 
----Before : 
visitSucc
visitVar
Visiting StellaIdent: n
Before end application: 3 2
EXIT ABSTRACTIONFUNC: 3 2EXIT ABSTRACTIONFUNC: 3 33   3   ERROR: mismatch argument and not subtyping, on line: 18
<end of output>
Test time =   0.00 sec
----------------------------------------------------------
Test Passed.
"/home/bekzat/Documents/Innopolis/3_years/advance_compiler/week-6-stella-with-universal-types-rkBekzat/tests/core/ill-typed/argument-type-mismatch-3.stella" end time: May 10 23:39 MSK
"/home/bekzat/Documents/Innopolis/3_years/advance_compiler/week-6-stella-with-universal-types-rkBekzat/tests/core/ill-typed/argument-type-mismatch-3.stella" time elapsed: 00:00:00
----------------------------------------------------------

7/72 Testing: /home/bekzat/Documents/Innopolis/3_years/advance_compiler/week-6-stella-with-universal-types-rkBekzat/tests/core/ill-typed/bad-if-1.stella
7/72 Test: /home/bekzat/Documents/Innopolis/3_years/advance_compiler/week-6-stella-with-universal-types-rkBekzat/tests/core/ill-typed/bad-if-1.stella
Command: "/home/bekzat/Documents/Innopolis/3_years/advance_compiler/week-6-stella-with-universal-types-rkBekzat/cmake-build-debug/stella-interpreter" "typecheck" "/home/bekzat/Documents/Innopolis/3_years/advance_compiler/week-6-stella-with-universal-types-rkBekzat/tests/core/ill-typed/bad-if-1.stella"
Directory: /home/bekzat/Documents/Innopolis/3_years/advance_compiler/week-6-stella-with-universal-types-rkBekzat/cmake-build-debug
"/home/bekzat/Documents/Innopolis/3_years/advance_compiler/week-6-stella-with-universal-types-rkBekzat/tests/core/ill-typed/bad-if-1.stella" start time: May 10 23:39 MSK
Output:
----------------------------------------------------------
parsing succeeded!
prog is not null
Start Program
visitLanguageCore
visitListExtension: 
visitListDecl: 
Visiting function declaration for main
visitListAnnotation: 
visitListParamDecl: 
visitAParamDecl
Visiting NAT: 3  12
SET the stellIDENT: x 2

Visiting StellaIdent: x
SomereturnType
Visiting NAT: 3  20
visitNoThrowType
visitListDecl: 
VisitIf
visitVar
Visiting StellaIdent: x
ERROR: if condition type should be bool. On line:4 char:14
<end of output>
Test time =   0.00 sec
----------------------------------------------------------
Test Passed.
"/home/bekzat/Documents/Innopolis/3_years/advance_compiler/week-6-stella-with-universal-types-rkBekzat/tests/core/ill-typed/bad-if-1.stella" end time: May 10 23:39 MSK
"/home/bekzat/Documents/Innopolis/3_years/advance_compiler/week-6-stella-with-universal-types-rkBekzat/tests/core/ill-typed/bad-if-1.stella" time elapsed: 00:00:00
----------------------------------------------------------

8/72 Testing: /home/bekzat/Documents/Innopolis/3_years/advance_compiler/week-6-stella-with-universal-types-rkBekzat/tests/core/ill-typed/bad-if-2.stella
8/72 Test: /home/bekzat/Documents/Innopolis/3_years/advance_compiler/week-6-stella-with-universal-types-rkBekzat/tests/core/ill-typed/bad-if-2.stella
Command: "/home/bekzat/Documents/Innopolis/3_years/advance_compiler/week-6-stella-with-universal-types-rkBekzat/cmake-build-debug/stella-interpreter" "typecheck" "/home/bekzat/Documents/Innopolis/3_years/advance_compiler/week-6-stella-with-universal-types-rkBekzat/tests/core/ill-typed/bad-if-2.stella"
Directory: /home/bekzat/Documents/Innopolis/3_years/advance_compiler/week-6-stella-with-universal-types-rkBekzat/cmake-build-debug
"/home/bekzat/Documents/Innopolis/3_years/advance_compiler/week-6-stella-with-universal-types-rkBekzat/tests/core/ill-typed/bad-if-2.stella" start time: May 10 23:39 MSK
Output:
----------------------------------------------------------
parsing succeeded!
prog is not null
Start Program
visitLanguageCore
visitListExtension: 
visitListDecl: 
Visiting function declaration for main
visitListAnnotation: 
visitListParamDecl: 
visitAParamDecl
Visiting NAT: 3  12
SET the stellIDENT: x 2

Visiting StellaIdent: x
SomereturnType
Visiting NAT: 3  20
visitNoThrowType
visitListDecl: 
VisitIf
ConstFalse
ConstTrue 
ConstInt
visitInt: 0
1 2
ERROR: if return different types on line: 4 position 25 and on line:4 postion35
<end of output>
Test time =   0.00 sec
----------------------------------------------------------
Test Passed.
"/home/bekzat/Documents/Innopolis/3_years/advance_compiler/week-6-stella-with-universal-types-rkBekzat/tests/core/ill-typed/bad-if-2.stella" end time: May 10 23:39 MSK
"/home/bekzat/Documents/Innopolis/3_years/advance_compiler/week-6-stella-with-universal-types-rkBekzat/tests/core/ill-typed/bad-if-2.stella" time elapsed: 00:00:00
----------------------------------------------------------

9/72 Testing: /home/bekzat/Documents/Innopolis/3_years/advance_compiler/week-6-stella-with-universal-types-rkBekzat/tests/core/ill-typed/bad-if-3.stella
9/72 Test: /home/bekzat/Documents/Innopolis/3_years/advance_compiler/week-6-stella-with-universal-types-rkBekzat/tests/core/ill-typed/bad-if-3.stella
Command: "/home/bekzat/Documents/Innopolis/3_years/advance_compiler/week-6-stella-with-universal-types-rkBekzat/cmake-build-debug/stella-interpreter" "typecheck" "/home/bekzat/Documents/Innopolis/3_years/advance_compiler/week-6-stella-with-universal-types-rkBekzat/tests/core/ill-typed/bad-if-3.stella"
Directory: /home/bekzat/Documents/Innopolis/3_years/advance_compiler/week-6-stella-with-universal-types-rkBekzat/cmake-build-debug
"/home/bekzat/Documents/Innopolis/3_years/advance_compiler/week-6-stella-with-universal-types-rkBekzat/tests/core/ill-typed/bad-if-3.stella" start time: May 10 23:39 MSK
Output:
----------------------------------------------------------
parsing succeeded!
prog is not null
Start Program
visitLanguageCore
visitListExtension: 
visitListDecl: 
Visiting function declaration for main
visitListAnnotation: 
visitListParamDecl: 
visitAParamDecl
Visiting NAT: 3  12
SET the stellIDENT: x 2

Visiting StellaIdent: x
SomereturnType
Visiting NAT: 3  20
visitNoThrowType
visitListDecl: 
visitApplication 
VisitIf
ConstFalse
visitAbstraction
visitListParamDecl: 
visitAParamDecl
Visiting NAT: 4  33
SET the stellIDENT: x 2

Visiting StellaIdent: x
visitVar
Visiting StellaIdent: x
EXIT ABSTRACTIONFUNC: 3 2visitAbstraction
visitListParamDecl: 
visitAParamDecl
Visiting NAT: 4  64
SET the stellIDENT: x 2

Visiting StellaIdent: x
visitVar
Visiting StellaIdent: x
EXIT ABSTRACTIONFUNC: 3 2visitListExpr: 
----Before : 
ConstFalse
1   2   ERROR: mismatch argument and not subtyping, on line: 4
<end of output>
Test time =   0.00 sec
----------------------------------------------------------
Test Passed.
"/home/bekzat/Documents/Innopolis/3_years/advance_compiler/week-6-stella-with-universal-types-rkBekzat/tests/core/ill-typed/bad-if-3.stella" end time: May 10 23:39 MSK
"/home/bekzat/Documents/Innopolis/3_years/advance_compiler/week-6-stella-with-universal-types-rkBekzat/tests/core/ill-typed/bad-if-3.stella" time elapsed: 00:00:00
----------------------------------------------------------

10/72 Testing: /home/bekzat/Documents/Innopolis/3_years/advance_compiler/week-6-stella-with-universal-types-rkBekzat/tests/core/ill-typed/bad-if-4.stella
10/72 Test: /home/bekzat/Documents/Innopolis/3_years/advance_compiler/week-6-stella-with-universal-types-rkBekzat/tests/core/ill-typed/bad-if-4.stella
Command: "/home/bekzat/Documents/Innopolis/3_years/advance_compiler/week-6-stella-with-universal-types-rkBekzat/cmake-build-debug/stella-interpreter" "typecheck" "/home/bekzat/Documents/Innopolis/3_years/advance_compiler/week-6-stella-with-universal-types-rkBekzat/tests/core/ill-typed/bad-if-4.stella"
Directory: /home/bekzat/Documents/Innopolis/3_years/advance_compiler/week-6-stella-with-universal-types-rkBekzat/cmake-build-debug
"/home/bekzat/Documents/Innopolis/3_years/advance_compiler/week-6-stella-with-universal-types-rkBekzat/tests/core/ill-typed/bad-if-4.stella" start time: May 10 23:39 MSK
Output:
----------------------------------------------------------
parsing succeeded!
prog is not null
Start Program
visitLanguageCore
visitListExtension: 
visitListDecl: 
Visiting function declaration for main
visitListAnnotation: 
visitListParamDecl: 
visitAParamDecl
Visiting NAT: 3  12
SET the stellIDENT: x 2

Visiting StellaIdent: x
SomereturnType
Visiting NAT: 3  20
visitNoThrowType
visitListDecl: 
visitApplication 
VisitIf
ConstFalse
ConstTrue 
visitAbstraction
visitListParamDecl: 
visitAParamDecl
Visiting NAT: 4  43
SET the stellIDENT: x 2

Visiting StellaIdent: x
visitVar
Visiting StellaIdent: x
EXIT ABSTRACTIONFUNC: 3 21 3
ERROR: if return different types on line: 4 position 26 and on line:4 postion36
<end of output>
Test time =   0.00 sec
----------------------------------------------------------
Test Passed.
"/home/bekzat/Documents/Innopolis/3_years/advance_compiler/week-6-stella-with-universal-types-rkBekzat/tests/core/ill-typed/bad-if-4.stella" end time: May 10 23:39 MSK
"/home/bekzat/Documents/Innopolis/3_years/advance_compiler/week-6-stella-with-universal-types-rkBekzat/tests/core/ill-typed/bad-if-4.stella" time elapsed: 00:00:00
----------------------------------------------------------

11/72 Testing: /home/bekzat/Documents/Innopolis/3_years/advance_compiler/week-6-stella-with-universal-types-rkBekzat/tests/core/ill-typed/bad-squares-1.stella
11/72 Test: /home/bekzat/Documents/Innopolis/3_years/advance_compiler/week-6-stella-with-universal-types-rkBekzat/tests/core/ill-typed/bad-squares-1.stella
Command: "/home/bekzat/Documents/Innopolis/3_years/advance_compiler/week-6-stella-with-universal-types-rkBekzat/cmake-build-debug/stella-interpreter" "typecheck" "/home/bekzat/Documents/Innopolis/3_years/advance_compiler/week-6-stella-with-universal-types-rkBekzat/tests/core/ill-typed/bad-squares-1.stella"
Directory: /home/bekzat/Documents/Innopolis/3_years/advance_compiler/week-6-stella-with-universal-types-rkBekzat/cmake-build-debug
"/home/bekzat/Documents/Innopolis/3_years/advance_compiler/week-6-stella-with-universal-types-rkBekzat/tests/core/ill-typed/bad-squares-1.stella" start time: May 10 23:39 MSK
Output:
----------------------------------------------------------
parsing succeeded!
prog is not null
Start Program
visitLanguageCore
visitListExtension: 
visitListDecl: 
Visiting function declaration for Nat::add
visitListAnnotation: 
visitListParamDecl: 
visitAParamDecl
Visiting NAT: 4  16
SET the stellIDENT: n 2

Visiting StellaIdent: n
SomereturnType
Visiting NAT: 4  24
visitNoThrowType
visitListDecl: 
visitAbstraction
visitListParamDecl: 
visitAParamDecl
Visiting NAT: 5  16
SET the stellIDENT: m 2

Visiting StellaIdent: m
visitNatRec
visitVar
Visiting StellaIdent: n
visitVar
Visiting StellaIdent: m
visitAbstraction
visitListParamDecl: 
visitAParamDecl
Visiting NAT: 6  33
SET the stellIDENT: i 2

Visiting StellaIdent: i
visitAbstraction
visitListParamDecl: 
visitAParamDecl
Visiting NAT: 7  20
SET the stellIDENT: r 2

Visiting StellaIdent: r
visitSucc
visitVar
Visiting StellaIdent: r
EXIT ABSTRACTIONFUNC: 3 2EXIT ABSTRACTIONFUNC: 3 3EXIT ABSTRACTIONFUNC: 3 2Fucntion go out: 3 2 3 1
Function name: Nat::add
ERROR: function should return another type
Line: 5
<end of output>
Test time =   0.00 sec
----------------------------------------------------------
Test Passed.
"/home/bekzat/Documents/Innopolis/3_years/advance_compiler/week-6-stella-with-universal-types-rkBekzat/tests/core/ill-typed/bad-squares-1.stella" end time: May 10 23:39 MSK
"/home/bekzat/Documents/Innopolis/3_years/advance_compiler/week-6-stella-with-universal-types-rkBekzat/tests/core/ill-typed/bad-squares-1.stella" time elapsed: 00:00:00
----------------------------------------------------------

12/72 Testing: /home/bekzat/Documents/Innopolis/3_years/advance_compiler/week-6-stella-with-universal-types-rkBekzat/tests/core/ill-typed/bad-squares-2.stella
12/72 Test: /home/bekzat/Documents/Innopolis/3_years/advance_compiler/week-6-stella-with-universal-types-rkBekzat/tests/core/ill-typed/bad-squares-2.stella
Command: "/home/bekzat/Documents/Innopolis/3_years/advance_compiler/week-6-stella-with-universal-types-rkBekzat/cmake-build-debug/stella-interpreter" "typecheck" "/home/bekzat/Documents/Innopolis/3_years/advance_compiler/week-6-stella-with-universal-types-rkBekzat/tests/core/ill-typed/bad-squares-2.stella"
Directory: /home/bekzat/Documents/Innopolis/3_years/advance_compiler/week-6-stella-with-universal-types-rkBekzat/cmake-build-debug
"/home/bekzat/Documents/Innopolis/3_years/advance_compiler/week-6-stella-with-universal-types-rkBekzat/tests/core/ill-typed/bad-squares-2.stella" start time: May 10 23:39 MSK
Output:
----------------------------------------------------------
parsing succeeded!
prog is not null
Start Program
visitLanguageCore
visitListExtension: 
visitListDecl: 
Visiting function declaration for Nat::add
visitListAnnotation: 
visitListParamDecl: 
visitAParamDecl
Visiting NAT: 4  16
SET the stellIDENT: n 2

Visiting StellaIdent: n
SomereturnType
visitTypeFun
visitListType: 
Visiting NAT: 4  27
Visiting NAT: 4  35
visitNoThrowType
visitListDecl: 
visitAbstraction
visitListParamDecl: 
visitAParamDecl
Visiting NAT: 5  16
SET the stellIDENT: m 2

Visiting StellaIdent: m
visitNatRec
visitVar
Visiting StellaIdent: n
visitVar
Visiting StellaIdent: m
visitAbstraction
visitListParamDecl: 
visitAParamDecl
Visiting NAT: 6  33
SET the stellIDENT: i 2

Visiting StellaIdent: i
visitAbstraction
visitListParamDecl: 
visitAParamDecl
Visiting NAT: 7  20
SET the stellIDENT: r 2

Visiting StellaIdent: r
visitSucc
visitVar
Visiting StellaIdent: r
EXIT ABSTRACTIONFUNC: 3 2EXIT ABSTRACTIONFUNC: 3 3EXIT ABSTRACTIONFUNC: 3 2Fucntion go out: 3 3 3 1
Function name: Nat::add
AFTER DECL: Nat::add  3
Visiting StellaIdent: Nat::add
Visiting function declaration for square
visitListAnnotation: 
visitListParamDecl: 
visitAParamDecl
Visiting NAT: 15  14
SET the stellIDENT: n 2

Visiting StellaIdent: n
SomereturnType
Visiting NAT: 15  22
visitNoThrowType
visitListDecl: 
visitNatRec
visitVar
Visiting StellaIdent: n
ConstInt
visitInt: 0
visitAbstraction
visitListParamDecl: 
visitAParamDecl
Visiting NAT: 16  31
SET the stellIDENT: i 2

Visiting StellaIdent: i
visitAbstraction
visitListParamDecl: 
visitAParamDecl
Visiting NAT: 17  20
SET the stellIDENT: r 2

Visiting StellaIdent: r
visitApplication 
visitVar
Visiting StellaIdent: Nat::add
visitListExpr: 
----Before : 
visitApplication 
visitApplication 
visitVar
Visiting StellaIdent: Nat::add
visitListExpr: 
----Before : 
visitVar
Visiting StellaIdent: i
Before end application: 3 3
visitListExpr: 
----Before : 
visitSucc
visitVar
Visiting StellaIdent: r
Before end application: 3 2
Before end application: 3 3
EXIT ABSTRACTIONFUNC: 3 3EXIT ABSTRACTIONFUNC: 3 3ERROR: NatRec 3rd argument functions: Should be same type of params type and return typeLine: 16 position:24
<end of output>
Test time =   0.00 sec
----------------------------------------------------------
Test Passed.
"/home/bekzat/Documents/Innopolis/3_years/advance_compiler/week-6-stella-with-universal-types-rkBekzat/tests/core/ill-typed/bad-squares-2.stella" end time: May 10 23:39 MSK
"/home/bekzat/Documents/Innopolis/3_years/advance_compiler/week-6-stella-with-universal-types-rkBekzat/tests/core/ill-typed/bad-squares-2.stella" time elapsed: 00:00:00
----------------------------------------------------------

13/72 Testing: /home/bekzat/Documents/Innopolis/3_years/advance_compiler/week-6-stella-with-universal-types-rkBekzat/tests/core/ill-typed/bad-succ-1.stella
13/72 Test: /home/bekzat/Documents/Innopolis/3_years/advance_compiler/week-6-stella-with-universal-types-rkBekzat/tests/core/ill-typed/bad-succ-1.stella
Command: "/home/bekzat/Documents/Innopolis/3_years/advance_compiler/week-6-stella-with-universal-types-rkBekzat/cmake-build-debug/stella-interpreter" "typecheck" "/home/bekzat/Documents/Innopolis/3_years/advance_compiler/week-6-stella-with-universal-types-rkBekzat/tests/core/ill-typed/bad-succ-1.stella"
Directory: /home/bekzat/Documents/Innopolis/3_years/advance_compiler/week-6-stella-with-universal-types-rkBekzat/cmake-build-debug
"/home/bekzat/Documents/Innopolis/3_years/advance_compiler/week-6-stella-with-universal-types-rkBekzat/tests/core/ill-typed/bad-succ-1.stella" start time: May 10 23:39 MSK
Output:
----------------------------------------------------------
parsing succeeded!
prog is not null
Start Program
visitLanguageCore
visitListExtension: 
visitListDecl: 
Visiting function declaration for main
visitListAnnotation: 
visitListParamDecl: 
visitAParamDecl
Visiting NAT: 3  12
SET the stellIDENT: x 2

Visiting StellaIdent: x
SomereturnType
Visiting NAT: 3  20
visitNoThrowType
visitListDecl: 
visitSucc
visitSucc
visitSucc
VisitIf
ConstTrue 
visitSucc
ConstFalse
ERROR: Succ should accept only Nat. Here different type!
On line 4 at position: 44
<end of output>
Test time =   0.00 sec
----------------------------------------------------------
Test Passed.
"/home/bekzat/Documents/Innopolis/3_years/advance_compiler/week-6-stella-with-universal-types-rkBekzat/tests/core/ill-typed/bad-succ-1.stella" end time: May 10 23:39 MSK
"/home/bekzat/Documents/Innopolis/3_years/advance_compiler/week-6-stella-with-universal-types-rkBekzat/tests/core/ill-typed/bad-succ-1.stella" time elapsed: 00:00:00
----------------------------------------------------------

14/72 Testing: /home/bekzat/Documents/Innopolis/3_years/advance_compiler/week-6-stella-with-universal-types-rkBekzat/tests/core/ill-typed/bad-succ-2.stella
14/72 Test: /home/bekzat/Documents/Innopolis/3_years/advance_compiler/week-6-stella-with-universal-types-rkBekzat/tests/core/ill-typed/bad-succ-2.stella
Command: "/home/bekzat/Documents/Innopolis/3_years/advance_compiler/week-6-stella-with-universal-types-rkBekzat/cmake-build-debug/stella-interpreter" "typecheck" "/home/bekzat/Documents/Innopolis/3_years/advance_compiler/week-6-stella-with-universal-types-rkBekzat/tests/core/ill-typed/bad-succ-2.stella"
Directory: /home/bekzat/Documents/Innopolis/3_years/advance_compiler/week-6-stella-with-universal-types-rkBekzat/cmake-build-debug
"/home/bekzat/Documents/Innopolis/3_years/advance_compiler/week-6-stella-with-universal-types-rkBekzat/tests/core/ill-typed/bad-succ-2.stella" start time: May 10 23:39 MSK
Output:
----------------------------------------------------------
parsing succeeded!
prog is not null
Start Program
visitLanguageCore
visitListExtension: 
visitListDecl: 
Visiting function declaration for main
visitListAnnotation: 
visitListParamDecl: 
visitAParamDecl
Visiting NAT: 3  12
SET the stellIDENT: x 2

Visiting StellaIdent: x
SomereturnType
Visiting NAT: 3  20
visitNoThrowType
visitListDecl: 
visitSucc
visitAbstraction
visitListParamDecl: 
visitAParamDecl
Visiting NAT: 4  23
SET the stellIDENT: x 2

Visiting StellaIdent: x
ConstInt
visitInt: 0
EXIT ABSTRACTIONFUNC: 3 2ERROR: Succ should accept only Nat. Here different type!
On line 4 at position: 16
<end of output>
Test time =   0.00 sec
----------------------------------------------------------
Test Passed.
"/home/bekzat/Documents/Innopolis/3_years/advance_compiler/week-6-stella-with-universal-types-rkBekzat/tests/core/ill-typed/bad-succ-2.stella" end time: May 10 23:39 MSK
"/home/bekzat/Documents/Innopolis/3_years/advance_compiler/week-6-stella-with-universal-types-rkBekzat/tests/core/ill-typed/bad-succ-2.stella" time elapsed: 00:00:00
----------------------------------------------------------

15/72 Testing: /home/bekzat/Documents/Innopolis/3_years/advance_compiler/week-6-stella-with-universal-types-rkBekzat/tests/core/ill-typed/bad-succ-3.stella
15/72 Test: /home/bekzat/Documents/Innopolis/3_years/advance_compiler/week-6-stella-with-universal-types-rkBekzat/tests/core/ill-typed/bad-succ-3.stella
Command: "/home/bekzat/Documents/Innopolis/3_years/advance_compiler/week-6-stella-with-universal-types-rkBekzat/cmake-build-debug/stella-interpreter" "typecheck" "/home/bekzat/Documents/Innopolis/3_years/advance_compiler/week-6-stella-with-universal-types-rkBekzat/tests/core/ill-typed/bad-succ-3.stella"
Directory: /home/bekzat/Documents/Innopolis/3_years/advance_compiler/week-6-stella-with-universal-types-rkBekzat/cmake-build-debug
"/home/bekzat/Documents/Innopolis/3_years/advance_compiler/week-6-stella-with-universal-types-rkBekzat/tests/core/ill-typed/bad-succ-3.stella" start time: May 10 23:39 MSK
Output:
----------------------------------------------------------
parsing succeeded!
prog is not null
Start Program
visitLanguageCore
visitListExtension: 
visitListDecl: 
Visiting function declaration for main
visitListAnnotation: 
visitListParamDecl: 
visitAParamDecl
Visiting NAT: 3  12
SET the stellIDENT: x 2

Visiting StellaIdent: x
SomereturnType
Visiting NAT: 3  20
visitNoThrowType
visitListDecl: 
visitSucc
ConstFalse
ERROR: Succ should accept only Nat. Here different type!
On line 4 at position: 16
<end of output>
Test time =   0.00 sec
----------------------------------------------------------
Test Passed.
"/home/bekzat/Documents/Innopolis/3_years/advance_compiler/week-6-stella-with-universal-types-rkBekzat/tests/core/ill-typed/bad-succ-3.stella" end time: May 10 23:39 MSK
"/home/bekzat/Documents/Innopolis/3_years/advance_compiler/week-6-stella-with-universal-types-rkBekzat/tests/core/ill-typed/bad-succ-3.stella" time elapsed: 00:00:00
----------------------------------------------------------

16/72 Testing: /home/bekzat/Documents/Innopolis/3_years/advance_compiler/week-6-stella-with-universal-types-rkBekzat/tests/core/ill-typed/shadowed-variable-1.stella
16/72 Test: /home/bekzat/Documents/Innopolis/3_years/advance_compiler/week-6-stella-with-universal-types-rkBekzat/tests/core/ill-typed/shadowed-variable-1.stella
Command: "/home/bekzat/Documents/Innopolis/3_years/advance_compiler/week-6-stella-with-universal-types-rkBekzat/cmake-build-debug/stella-interpreter" "typecheck" "/home/bekzat/Documents/Innopolis/3_years/advance_compiler/week-6-stella-with-universal-types-rkBekzat/tests/core/ill-typed/shadowed-variable-1.stella"
Directory: /home/bekzat/Documents/Innopolis/3_years/advance_compiler/week-6-stella-with-universal-types-rkBekzat/cmake-build-debug
"/home/bekzat/Documents/Innopolis/3_years/advance_compiler/week-6-stella-with-universal-types-rkBekzat/tests/core/ill-typed/shadowed-variable-1.stella" start time: May 10 23:39 MSK
Output:
----------------------------------------------------------
parsing succeeded!
prog is not null
Start Program
visitLanguageCore
visitListExtension: 
visitListDecl: 
Visiting function declaration for iszero
visitListAnnotation: 
visitListParamDecl: 
visitAParamDecl
Visiting NAT: 3  14
SET the stellIDENT: n 2

Visiting StellaIdent: n
SomereturnType
visitBool
AMAZING WOKR: Bool 

visitNoThrowType
visitListDecl: 
visitNatRec
visitVar
Visiting StellaIdent: n
ConstTrue 
visitAbstraction
visitListParamDecl: 
visitAParamDecl
Visiting NAT: 4  36
SET the stellIDENT: i 2

Visiting StellaIdent: i
visitAbstraction
visitListParamDecl: 
visitAParamDecl
visitBool
AMAZING WOKR: Bool 

SET the stellIDENT: r 1

Visiting StellaIdent: r
ConstTrue 
EXIT ABSTRACTIONFUNC: 3 1EXIT ABSTRACTIONFUNC: 3 3Fucntion go out: 3 1 1 1
Function name: iszero
AFTER DECL: iszero  3
Visiting StellaIdent: iszero
Visiting function declaration for f
visitListAnnotation: 
visitListParamDecl: 
visitAParamDecl
visitTypeFun
visitListType: 
visitBool
AMAZING WOKR: Bool 

Visiting NAT: 11  21
SET the stellIDENT: g 3

Visiting StellaIdent: g
SomereturnType
visitTypeFun
visitListType: 
Visiting NAT: 11  32
Visiting NAT: 11  40
visitNoThrowType
visitListDecl: 
visitAbstraction
visitListParamDecl: 
visitAParamDecl
Visiting NAT: 12  18
SET the stellIDENT: g 2

Visiting StellaIdent: g
visitApplication 
visitVar
Visiting StellaIdent: g
ERROR: This is not function. On line: 13 at position: 15 2
<end of output>
Test time =   0.00 sec
----------------------------------------------------------
Test Passed.
"/home/bekzat/Documents/Innopolis/3_years/advance_compiler/week-6-stella-with-universal-types-rkBekzat/tests/core/ill-typed/shadowed-variable-1.stella" end time: May 10 23:39 MSK
"/home/bekzat/Documents/Innopolis/3_years/advance_compiler/week-6-stella-with-universal-types-rkBekzat/tests/core/ill-typed/shadowed-variable-1.stella" time elapsed: 00:00:00
----------------------------------------------------------

17/72 Testing: /home/bekzat/Documents/Innopolis/3_years/advance_compiler/week-6-stella-with-universal-types-rkBekzat/tests/core/ill-typed/undefined-variable-1.stella
17/72 Test: /home/bekzat/Documents/Innopolis/3_years/advance_compiler/week-6-stella-with-universal-types-rkBekzat/tests/core/ill-typed/undefined-variable-1.stella
Command: "/home/bekzat/Documents/Innopolis/3_years/advance_compiler/week-6-stella-with-universal-types-rkBekzat/cmake-build-debug/stella-interpreter" "typecheck" "/home/bekzat/Documents/Innopolis/3_years/advance_compiler/week-6-stella-with-universal-types-rkBekzat/tests/core/ill-typed/undefined-variable-1.stella"
Directory: /home/bekzat/Documents/Innopolis/3_years/advance_compiler/week-6-stella-with-universal-types-rkBekzat/cmake-build-debug
"/home/bekzat/Documents/Innopolis/3_years/advance_compiler/week-6-stella-with-universal-types-rkBekzat/tests/core/ill-typed/undefined-variable-1.stella" start time: May 10 23:39 MSK
Output:
----------------------------------------------------------
parsing succeeded!
prog is not null
Start Program
visitLanguageCore
visitListExtension: 
visitListDecl: 
Visiting function declaration for main
visitListAnnotation: 
visitListParamDecl: 
visitAParamDecl
Visiting NAT: 3  12
SET the stellIDENT: x 2

Visiting StellaIdent: x
SomereturnType
Visiting NAT: 3  20
visitNoThrowType
visitListDecl: 
VisitIf
visitVar
Visiting StellaIdent: y
ERROR: The variable undefined, on line: 4 at position: 14
<end of output>
Test time =   0.00 sec
----------------------------------------------------------
Test Passed.
"/home/bekzat/Documents/Innopolis/3_years/advance_compiler/week-6-stella-with-universal-types-rkBekzat/tests/core/ill-typed/undefined-variable-1.stella" end time: May 10 23:39 MSK
"/home/bekzat/Documents/Innopolis/3_years/advance_compiler/week-6-stella-with-universal-types-rkBekzat/tests/core/ill-typed/undefined-variable-1.stella" time elapsed: 00:00:00
----------------------------------------------------------

18/72 Testing: /home/bekzat/Documents/Innopolis/3_years/advance_compiler/week-6-stella-with-universal-types-rkBekzat/tests/core/ill-typed/undefined-variable-2.stella
18/72 Test: /home/bekzat/Documents/Innopolis/3_years/advance_compiler/week-6-stella-with-universal-types-rkBekzat/tests/core/ill-typed/undefined-variable-2.stella
Command: "/home/bekzat/Documents/Innopolis/3_years/advance_compiler/week-6-stella-with-universal-types-rkBekzat/cmake-build-debug/stella-interpreter" "typecheck" "/home/bekzat/Documents/Innopolis/3_years/advance_compiler/week-6-stella-with-universal-types-rkBekzat/tests/core/ill-typed/undefined-variable-2.stella"
Directory: /home/bekzat/Documents/Innopolis/3_years/advance_compiler/week-6-stella-with-universal-types-rkBekzat/cmake-build-debug
"/home/bekzat/Documents/Innopolis/3_years/advance_compiler/week-6-stella-with-universal-types-rkBekzat/tests/core/ill-typed/undefined-variable-2.stella" start time: May 10 23:39 MSK
Output:
----------------------------------------------------------
parsing succeeded!
prog is not null
Start Program
visitLanguageCore
visitListExtension: 
visitListDecl: 
Visiting function declaration for iszero
visitListAnnotation: 
visitListParamDecl: 
visitAParamDecl
Visiting NAT: 3  14
SET the stellIDENT: n 2

Visiting StellaIdent: n
SomereturnType
visitBool
AMAZING WOKR: Bool 

visitNoThrowType
visitListDecl: 
visitNatRec
visitVar
Visiting StellaIdent: n
ConstTrue 
visitAbstraction
visitListParamDecl: 
visitAParamDecl
Visiting NAT: 4  36
SET the stellIDENT: i 2

Visiting StellaIdent: i
visitAbstraction
visitListParamDecl: 
visitAParamDecl
visitBool
AMAZING WOKR: Bool 

SET the stellIDENT: r 1

Visiting StellaIdent: r
ConstTrue 
EXIT ABSTRACTIONFUNC: 3 1EXIT ABSTRACTIONFUNC: 3 3Fucntion go out: 3 1 1 1
Function name: iszero
AFTER DECL: iszero  3
Visiting StellaIdent: iszero
Visiting function declaration for f
visitListAnnotation: 
visitListParamDecl: 
visitAParamDecl
visitTypeFun
visitListType: 
visitBool
AMAZING WOKR: Bool 

Visiting NAT: 11  21
SET the stellIDENT: g 3

Visiting StellaIdent: g
SomereturnType
visitTypeFun
visitListType: 
Visiting NAT: 11  32
Visiting NAT: 11  40
visitNoThrowType
visitListDecl: 
visitAbstraction
visitListParamDecl: 
visitAParamDecl
Visiting NAT: 12  18
SET the stellIDENT: n 2

Visiting StellaIdent: n
visitApplication 
visitVar
Visiting StellaIdent: g
visitListExpr: 
----Before : 
VisitIf
visitApplication 
visitVar
Visiting StellaIdent: iszero
visitListExpr: 
----Before : 
visitVar
Visiting StellaIdent: m
ERROR: The variable undefined, on line: 13 at position: 27
<end of output>
Test time =   0.00 sec
----------------------------------------------------------
Test Passed.
"/home/bekzat/Documents/Innopolis/3_years/advance_compiler/week-6-stella-with-universal-types-rkBekzat/tests/core/ill-typed/undefined-variable-2.stella" end time: May 10 23:39 MSK
"/home/bekzat/Documents/Innopolis/3_years/advance_compiler/week-6-stella-with-universal-types-rkBekzat/tests/core/ill-typed/undefined-variable-2.stella" time elapsed: 00:00:00
----------------------------------------------------------

19/72 Testing: /home/bekzat/Documents/Innopolis/3_years/advance_compiler/week-6-stella-with-universal-types-rkBekzat/tests/exceptions/ill-typed/bad-panic-1.stella
19/72 Test: /home/bekzat/Documents/Innopolis/3_years/advance_compiler/week-6-stella-with-universal-types-rkBekzat/tests/exceptions/ill-typed/bad-panic-1.stella
Command: "/home/bekzat/Documents/Innopolis/3_years/advance_compiler/week-6-stella-with-universal-types-rkBekzat/cmake-build-debug/stella-interpreter" "typecheck" "/home/bekzat/Documents/Innopolis/3_years/advance_compiler/week-6-stella-with-universal-types-rkBekzat/tests/exceptions/ill-typed/bad-panic-1.stella"
Directory: /home/bekzat/Documents/Innopolis/3_years/advance_compiler/week-6-stella-with-universal-types-rkBekzat/cmake-build-debug
"/home/bekzat/Documents/Innopolis/3_years/advance_compiler/week-6-stella-with-universal-types-rkBekzat/tests/exceptions/ill-typed/bad-panic-1.stella" start time: May 10 23:39 MSK
Output:
----------------------------------------------------------
parsing succeeded!
prog is not null
Start Program
visitLanguageCore
visitListExtension: 
visitAnExtensionvisitListExtensionName: 
visitExtensionName: #panic
visitListDecl: 
Visiting function declaration for main
visitListAnnotation: 
visitListParamDecl: 
visitAParamDecl
Visiting NAT: 6  12
SET the stellIDENT: n 2

Visiting StellaIdent: n
SomereturnType
Visiting NAT: 6  20
visitNoThrowType
visitListDecl: 
visitApplication 
visitPanic
ERROR: This is not function. On line: 7 at position: 9 10
<end of output>
Test time =   0.00 sec
----------------------------------------------------------
Test Passed.
"/home/bekzat/Documents/Innopolis/3_years/advance_compiler/week-6-stella-with-universal-types-rkBekzat/tests/exceptions/ill-typed/bad-panic-1.stella" end time: May 10 23:39 MSK
"/home/bekzat/Documents/Innopolis/3_years/advance_compiler/week-6-stella-with-universal-types-rkBekzat/tests/exceptions/ill-typed/bad-panic-1.stella" time elapsed: 00:00:00
----------------------------------------------------------

20/72 Testing: /home/bekzat/Documents/Innopolis/3_years/advance_compiler/week-6-stella-with-universal-types-rkBekzat/tests/lists/ill-typed/bad-variants-1.stella
20/72 Test: /home/bekzat/Documents/Innopolis/3_years/advance_compiler/week-6-stella-with-universal-types-rkBekzat/tests/lists/ill-typed/bad-variants-1.stella
Command: "/home/bekzat/Documents/Innopolis/3_years/advance_compiler/week-6-stella-with-universal-types-rkBekzat/cmake-build-debug/stella-interpreter" "typecheck" "/home/bekzat/Documents/Innopolis/3_years/advance_compiler/week-6-stella-with-universal-types-rkBekzat/tests/lists/ill-typed/bad-variants-1.stella"
Directory: /home/bekzat/Documents/Innopolis/3_years/advance_compiler/week-6-stella-with-universal-types-rkBekzat/cmake-build-debug
"/home/bekzat/Documents/Innopolis/3_years/advance_compiler/week-6-stella-with-universal-types-rkBekzat/tests/lists/ill-typed/bad-variants-1.stella" start time: May 10 23:39 MSK
Output:
----------------------------------------------------------
parsing succeeded!
prog is not null
Start Program
visitLanguageCore
visitListExtension: 
visitAnExtensionvisitListExtensionName: 
visitExtensionName: #lists
visitExtensionName: #general-recursion
visitListDecl: 
Visiting function declaration for length
visitListAnnotation: 
visitListParamDecl: 
visitAParamDecl
visitTypeList
Visiting NAT: 4  18
SET the stellIDENT: list 7

Visiting StellaIdent: list
SomereturnType
Visiting NAT: 4  27
visitNoThrowType
visitListDecl: 
VisitIf
visitIsEmpty
visitVar
Visiting StellaIdent: list
ConstInt
visitInt: 0
visitSucc
visitApplication 
visitVar
Visiting StellaIdent: length
ERROR: This is not function. On line: 7 at position: 14 0
<end of output>
Test time =   0.00 sec
----------------------------------------------------------
Test Passed.
"/home/bekzat/Documents/Innopolis/3_years/advance_compiler/week-6-stella-with-universal-types-rkBekzat/tests/lists/ill-typed/bad-variants-1.stella" end time: May 10 23:39 MSK
"/home/bekzat/Documents/Innopolis/3_years/advance_compiler/week-6-stella-with-universal-types-rkBekzat/tests/lists/ill-typed/bad-variants-1.stella" time elapsed: 00:00:00
----------------------------------------------------------

21/72 Testing: /home/bekzat/Documents/Innopolis/3_years/advance_compiler/week-6-stella-with-universal-types-rkBekzat/tests/pairs/ill-typed/bad-pairs-1.stella
21/72 Test: /home/bekzat/Documents/Innopolis/3_years/advance_compiler/week-6-stella-with-universal-types-rkBekzat/tests/pairs/ill-typed/bad-pairs-1.stella
Command: "/home/bekzat/Documents/Innopolis/3_years/advance_compiler/week-6-stella-with-universal-types-rkBekzat/cmake-build-debug/stella-interpreter" "typecheck" "/home/bekzat/Documents/Innopolis/3_years/advance_compiler/week-6-stella-with-universal-types-rkBekzat/tests/pairs/ill-typed/bad-pairs-1.stella"
Directory: /home/bekzat/Documents/Innopolis/3_years/advance_compiler/week-6-stella-with-universal-types-rkBekzat/cmake-build-debug
"/home/bekzat/Documents/Innopolis/3_years/advance_compiler/week-6-stella-with-universal-types-rkBekzat/tests/pairs/ill-typed/bad-pairs-1.stella" start time: May 10 23:39 MSK
Output:
----------------------------------------------------------
parsing succeeded!
prog is not null
Start Program
visitLanguageCore
visitListExtension: 
visitAnExtensionvisitListExtensionName: 
visitExtensionName: #pairs
visitListDecl: 
Visiting function declaration for swap
visitListAnnotation: 
visitListParamDecl: 
visitAParamDecl
visitTypeTuple
visitListType: 
Visiting NAT: 4  13
visitBool
AMAZING WOKR: Bool 

SET the stellIDENT: p 5

Visiting StellaIdent: p
SomereturnType
visitTypeTuple
visitListType: 
visitBool
AMAZING WOKR: Bool 

Visiting NAT: 4  35
visitNoThrowType
visitListDecl: 
visitTuple
visitListExpr: 
----Before : 
visitDotTuple
visitVar
Visiting StellaIdent: p
visitInt: 2


----Before : 
visitDotTuple
visitVar
Visiting StellaIdent: p
visitInt: 1


Fucntion go out: 3 5 5 1
Function name: swap
AFTER DECL: swap  3
Visiting StellaIdent: swap
Visiting function declaration for main
visitListAnnotation: 
visitListParamDecl: 
visitAParamDecl
Visiting NAT: 8  12
SET the stellIDENT: x 2

Visiting StellaIdent: x
SomereturnType
Visiting NAT: 8  20
visitNoThrowType
visitListDecl: 
visitDotTuple
visitApplication 
visitVar
Visiting StellaIdent: swap
visitListExpr: 
----Before : 
visitApplication 
visitVar
Visiting StellaIdent: swap
visitListExpr: 
----Before : 
visitTuple
visitListExpr: 
----Before : 
ConstInt
visitInt: 0
----Before : 
visitVar
Visiting StellaIdent: x
5   5   ERROR: mismatch argument and not subtyping, on line: 9
<end of output>
Test time =   0.00 sec
----------------------------------------------------------
Test Passed.
"/home/bekzat/Documents/Innopolis/3_years/advance_compiler/week-6-stella-with-universal-types-rkBekzat/tests/pairs/ill-typed/bad-pairs-1.stella" end time: May 10 23:39 MSK
"/home/bekzat/Documents/Innopolis/3_years/advance_compiler/week-6-stella-with-universal-types-rkBekzat/tests/pairs/ill-typed/bad-pairs-1.stella" time elapsed: 00:00:00
----------------------------------------------------------

22/72 Testing: /home/bekzat/Documents/Innopolis/3_years/advance_compiler/week-6-stella-with-universal-types-rkBekzat/tests/records/ill-typed/bad-records-1.stella
22/72 Test: /home/bekzat/Documents/Innopolis/3_years/advance_compiler/week-6-stella-with-universal-types-rkBekzat/tests/records/ill-typed/bad-records-1.stella
Command: "/home/bekzat/Documents/Innopolis/3_years/advance_compiler/week-6-stella-with-universal-types-rkBekzat/cmake-build-debug/stella-interpreter" "typecheck" "/home/bekzat/Documents/Innopolis/3_years/advance_compiler/week-6-stella-with-universal-types-rkBekzat/tests/records/ill-typed/bad-records-1.stella"
Directory: /home/bekzat/Documents/Innopolis/3_years/advance_compiler/week-6-stella-with-universal-types-rkBekzat/cmake-build-debug
"/home/bekzat/Documents/Innopolis/3_years/advance_compiler/week-6-stella-with-universal-types-rkBekzat/tests/records/ill-typed/bad-records-1.stella" start time: May 10 23:39 MSK
Output:
----------------------------------------------------------
parsing succeeded!
prog is not null
Start Program
visitLanguageCore
visitListExtension: 
visitAnExtensionvisitListExtensionName: 
visitExtensionName: #records
visitListDecl: 
Visiting function declaration for rotate3
visitListAnnotation: 
visitListParamDecl: 
visitAParamDecl
visitTypeRecord
visitListRecordFieldType: 
visitARecordFieldType
Visiting NAT: 4  20
visitARecordFieldType
visitBool
AMAZING WOKR: Bool 

visitARecordFieldType
Visiting NAT: 4  39
SET the stellIDENT: p 8

Visiting StellaIdent: p
SomereturnType
visitTypeRecord
visitListRecordFieldType: 
visitARecordFieldType
Visiting NAT: 4  53
visitARecordFieldType
Visiting NAT: 4  62
visitARecordFieldType
Visiting NAT: 4  71
visitNoThrowType
visitListDecl: 
visitRecord
visitListBinding: 
visitABinding
visitDotRecord
visitVar
Visiting StellaIdent: p
Before Binding: p . z 
visitABinding
visitDotRecord
visitVar
Visiting StellaIdent: p
Before Binding: p . y 
visitABinding
visitDotRecord
visitVar
Visiting StellaIdent: p
Before Binding: p . x 
Fucntion go out: 3 8 8 1
Function name: rotate3
ERROR: function should return another type
Line: 5
<end of output>
Test time =   0.00 sec
----------------------------------------------------------
Test Passed.
"/home/bekzat/Documents/Innopolis/3_years/advance_compiler/week-6-stella-with-universal-types-rkBekzat/tests/records/ill-typed/bad-records-1.stella" end time: May 10 23:39 MSK
"/home/bekzat/Documents/Innopolis/3_years/advance_compiler/week-6-stella-with-universal-types-rkBekzat/tests/records/ill-typed/bad-records-1.stella" time elapsed: 00:00:00
----------------------------------------------------------

23/72 Testing: /home/bekzat/Documents/Innopolis/3_years/advance_compiler/week-6-stella-with-universal-types-rkBekzat/tests/references/ill-typed/bad-refs-1.stella
23/72 Test: /home/bekzat/Documents/Innopolis/3_years/advance_compiler/week-6-stella-with-universal-types-rkBekzat/tests/references/ill-typed/bad-refs-1.stella
Command: "/home/bekzat/Documents/Innopolis/3_years/advance_compiler/week-6-stella-with-universal-types-rkBekzat/cmake-build-debug/stella-interpreter" "typecheck" "/home/bekzat/Documents/Innopolis/3_years/advance_compiler/week-6-stella-with-universal-types-rkBekzat/tests/references/ill-typed/bad-refs-1.stella"
Directory: /home/bekzat/Documents/Innopolis/3_years/advance_compiler/week-6-stella-with-universal-types-rkBekzat/cmake-build-debug
"/home/bekzat/Documents/Innopolis/3_years/advance_compiler/week-6-stella-with-universal-types-rkBekzat/tests/references/ill-typed/bad-refs-1.stella" start time: May 10 23:39 MSK
Output:
----------------------------------------------------------
parsing succeeded!
prog is not null
Start Program
visitLanguageCore
visitListExtension: 
visitAnExtensionvisitListExtensionName: 
visitExtensionName: #unit-types
visitExtensionName: #references
visitExtensionName: #sequencing
visitListDecl: 
Visiting function declaration for inc_ref
visitListAnnotation: 
visitListParamDecl: 
visitAParamDecl
visitTypeRef
Visiting NAT: 8  18
SET the stellIDENT: ref 9

Visiting StellaIdent: ref
SomereturnType
visitTypeUnit
visitNoThrowType
visitListDecl: 
visitAssign
visitVar
Visiting StellaIdent: ref
visitSucc
visitVar
Visiting StellaIdent: ref
ERROR: Succ should accept only Nat. Here different type!
On line 10 at position: 16
<end of output>
Test time =   0.00 sec
----------------------------------------------------------
Test Passed.
"/home/bekzat/Documents/Innopolis/3_years/advance_compiler/week-6-stella-with-universal-types-rkBekzat/tests/references/ill-typed/bad-refs-1.stella" end time: May 10 23:39 MSK
"/home/bekzat/Documents/Innopolis/3_years/advance_compiler/week-6-stella-with-universal-types-rkBekzat/tests/references/ill-typed/bad-refs-1.stella" time elapsed: 00:00:00
----------------------------------------------------------

24/72 Testing: /home/bekzat/Documents/Innopolis/3_years/advance_compiler/week-6-stella-with-universal-types-rkBekzat/tests/references/ill-typed/bad-refs-2.stella
24/72 Test: /home/bekzat/Documents/Innopolis/3_years/advance_compiler/week-6-stella-with-universal-types-rkBekzat/tests/references/ill-typed/bad-refs-2.stella
Command: "/home/bekzat/Documents/Innopolis/3_years/advance_compiler/week-6-stella-with-universal-types-rkBekzat/cmake-build-debug/stella-interpreter" "typecheck" "/home/bekzat/Documents/Innopolis/3_years/advance_compiler/week-6-stella-with-universal-types-rkBekzat/tests/references/ill-typed/bad-refs-2.stella"
Directory: /home/bekzat/Documents/Innopolis/3_years/advance_compiler/week-6-stella-with-universal-types-rkBekzat/cmake-build-debug
"/home/bekzat/Documents/Innopolis/3_years/advance_compiler/week-6-stella-with-universal-types-rkBekzat/tests/references/ill-typed/bad-refs-2.stella" start time: May 10 23:39 MSK
Output:
----------------------------------------------------------
parsing succeeded!
prog is not null
Start Program
visitLanguageCore
visitListExtension: 
visitAnExtensionvisitListExtensionName: 
visitExtensionName: #references
visitExtensionName: #sequencing
visitExtensionName: #unit-types
visitListDecl: 
Visiting function declaration for inc
visitListAnnotation: 
visitListParamDecl: 
visitAParamDecl
visitTypeRef
Visiting NAT: 5  14
SET the stellIDENT: ref 9

Visiting StellaIdent: ref
SomereturnType
visitTypeUnit
visitNoThrowType
visitListDecl: 
visitAssign
visitVar
Visiting StellaIdent: ref
visitSucc
visitDeref
visitVar
Visiting StellaIdent: ref
Fucntion go out: 3 4 4 1
Function name: inc
AFTER DECL: inc  3
Visiting StellaIdent: inc
Visiting function declaration for main
visitListAnnotation: 
visitListParamDecl: 
visitAParamDecl
Visiting NAT: 9  16
SET the stellIDENT: input 2

Visiting StellaIdent: input
SomereturnType
Visiting NAT: 9  24
visitNoThrowType
visitListDecl: 
visitSequence
visitApplication 
visitVar
Visiting StellaIdent: inc
visitListExpr: 
----Before : 
visitRef
visitVar
Visiting StellaIdent: input
Before end application: 3 4
visitDeref
visitVar
Visiting StellaIdent: input
ERROR: The type should be reference, on line: 10
<end of output>
Test time =   0.01 sec
----------------------------------------------------------
Test Passed.
"/home/bekzat/Documents/Innopolis/3_years/advance_compiler/week-6-stella-with-universal-types-rkBekzat/tests/references/ill-typed/bad-refs-2.stella" end time: May 10 23:39 MSK
"/home/bekzat/Documents/Innopolis/3_years/advance_compiler/week-6-stella-with-universal-types-rkBekzat/tests/references/ill-typed/bad-refs-2.stella" time elapsed: 00:00:00
----------------------------------------------------------

25/72 Testing: /home/bekzat/Documents/Innopolis/3_years/advance_compiler/week-6-stella-with-universal-types-rkBekzat/tests/references/ill-typed/bad-refs-3.stella
25/72 Test: /home/bekzat/Documents/Innopolis/3_years/advance_compiler/week-6-stella-with-universal-types-rkBekzat/tests/references/ill-typed/bad-refs-3.stella
Command: "/home/bekzat/Documents/Innopolis/3_years/advance_compiler/week-6-stella-with-universal-types-rkBekzat/cmake-build-debug/stella-interpreter" "typecheck" "/home/bekzat/Documents/Innopolis/3_years/advance_compiler/week-6-stella-with-universal-types-rkBekzat/tests/references/ill-typed/bad-refs-3.stella"
Directory: /home/bekzat/Documents/Innopolis/3_years/advance_compiler/week-6-stella-with-universal-types-rkBekzat/cmake-build-debug
"/home/bekzat/Documents/Innopolis/3_years/advance_compiler/week-6-stella-with-universal-types-rkBekzat/tests/references/ill-typed/bad-refs-3.stella" start time: May 10 23:39 MSK
Output:
----------------------------------------------------------
parsing succeeded!
prog is not null
Start Program
visitLanguageCore
visitListExtension: 
visitAnExtensionvisitListExtensionName: 
visitExtensionName: #references
visitExtensionName: #sequencing
visitExtensionName: #let-bindings
visitExtensionName: #arithmetic-operators
visitExtensionName: #natural-literals
visitListDecl: 
Visiting function declaration for main
visitListAnnotation: 
visitListParamDecl: 
visitAParamDecl
Visiting NAT: 10  12
SET the stellIDENT: n 2

Visiting StellaIdent: n
SomereturnType
Visiting NAT: 10  20
visitNoThrowType
visitListDecl: 
visitLet
visitListPatternBinding
visitAPatternBinding
x 
visitRef
ConstInt
visitInt: 0
visitPatternVar
visitSequence
visitAssign
visitVar
Visiting StellaIdent: x
visitAdd
visitDeref
visitVar
Visiting StellaIdent: x
ConstInt
visitInt: 1
visitSequence
visitAssign
visitVar
Visiting StellaIdent: x
visitMultiply
visitVar
Visiting StellaIdent: x
visitVar
Visiting StellaIdent: x
ERROR: you can't change type, on line: 14
<end of output>
Test time =   0.00 sec
----------------------------------------------------------
Test Passed.
"/home/bekzat/Documents/Innopolis/3_years/advance_compiler/week-6-stella-with-universal-types-rkBekzat/tests/references/ill-typed/bad-refs-3.stella" end time: May 10 23:39 MSK
"/home/bekzat/Documents/Innopolis/3_years/advance_compiler/week-6-stella-with-universal-types-rkBekzat/tests/references/ill-typed/bad-refs-3.stella" time elapsed: 00:00:00
----------------------------------------------------------

26/72 Testing: /home/bekzat/Documents/Innopolis/3_years/advance_compiler/week-6-stella-with-universal-types-rkBekzat/tests/subtyping/ill-typed/bad-subtyping-1.stella
26/72 Test: /home/bekzat/Documents/Innopolis/3_years/advance_compiler/week-6-stella-with-universal-types-rkBekzat/tests/subtyping/ill-typed/bad-subtyping-1.stella
Command: "/home/bekzat/Documents/Innopolis/3_years/advance_compiler/week-6-stella-with-universal-types-rkBekzat/cmake-build-debug/stella-interpreter" "typecheck" "/home/bekzat/Documents/Innopolis/3_years/advance_compiler/week-6-stella-with-universal-types-rkBekzat/tests/subtyping/ill-typed/bad-subtyping-1.stella"
Directory: /home/bekzat/Documents/Innopolis/3_years/advance_compiler/week-6-stella-with-universal-types-rkBekzat/cmake-build-debug
"/home/bekzat/Documents/Innopolis/3_years/advance_compiler/week-6-stella-with-universal-types-rkBekzat/tests/subtyping/ill-typed/bad-subtyping-1.stella" start time: May 10 23:39 MSK
Output:
----------------------------------------------------------
parsing succeeded!
prog is not null
Start Program
visitLanguageCore
visitListExtension: 
visitAnExtensionvisitListExtensionName: 
visitExtensionName: #records
visitExtensionName: #structural-subtyping
visitListDecl: 
Visiting function declaration for f
visitListAnnotation: 
visitListParamDecl: 
visitAParamDecl
visitTypeRecord
visitListRecordFieldType: 
visitARecordFieldType
Visiting NAT: 7  14
visitARecordFieldType
Visiting NAT: 7  23
SET the stellIDENT: r 8

Visiting StellaIdent: r
SomereturnType
Visiting NAT: 7  32
visitNoThrowType
visitListDecl: 
visitDotRecord
visitVar
Visiting StellaIdent: r
Before Binding: r . x 
Fucntion go out: 3 2 2 1
Function name: f
AFTER DECL: f  3
Visiting StellaIdent: f
Visiting function declaration for main
visitListAnnotation: 
visitListParamDecl: 
visitAParamDecl
Visiting NAT: 11  12
SET the stellIDENT: n 2

Visiting StellaIdent: n
SomereturnType
Visiting NAT: 11  20
visitNoThrowType
visitListDecl: 
visitApplication 
visitVar
Visiting StellaIdent: f
visitListExpr: 
----Before : 
visitRecord
visitListBinding: 
visitABinding
visitVar
Visiting StellaIdent: n
8   8   ERROR: mismatch argument and not subtyping, on line: 12
<end of output>
Test time =   0.00 sec
----------------------------------------------------------
Test Passed.
"/home/bekzat/Documents/Innopolis/3_years/advance_compiler/week-6-stella-with-universal-types-rkBekzat/tests/subtyping/ill-typed/bad-subtyping-1.stella" end time: May 10 23:39 MSK
"/home/bekzat/Documents/Innopolis/3_years/advance_compiler/week-6-stella-with-universal-types-rkBekzat/tests/subtyping/ill-typed/bad-subtyping-1.stella" time elapsed: 00:00:00
----------------------------------------------------------

27/72 Testing: /home/bekzat/Documents/Innopolis/3_years/advance_compiler/week-6-stella-with-universal-types-rkBekzat/tests/subtyping/ill-typed/bad-subtyping-2.stella
27/72 Test: /home/bekzat/Documents/Innopolis/3_years/advance_compiler/week-6-stella-with-universal-types-rkBekzat/tests/subtyping/ill-typed/bad-subtyping-2.stella
Command: "/home/bekzat/Documents/Innopolis/3_years/advance_compiler/week-6-stella-with-universal-types-rkBekzat/cmake-build-debug/stella-interpreter" "typecheck" "/home/bekzat/Documents/Innopolis/3_years/advance_compiler/week-6-stella-with-universal-types-rkBekzat/tests/subtyping/ill-typed/bad-subtyping-2.stella"
Directory: /home/bekzat/Documents/Innopolis/3_years/advance_compiler/week-6-stella-with-universal-types-rkBekzat/cmake-build-debug
"/home/bekzat/Documents/Innopolis/3_years/advance_compiler/week-6-stella-with-universal-types-rkBekzat/tests/subtyping/ill-typed/bad-subtyping-2.stella" start time: May 10 23:39 MSK
Output:
----------------------------------------------------------
parsing succeeded!
prog is not null
Start Program
visitLanguageCore
visitListExtension: 
visitAnExtensionvisitListExtensionName: 
visitExtensionName: #records
visitExtensionName: #structural-subtyping
visitListDecl: 
Visiting function declaration for f
visitListAnnotation: 
visitListParamDecl: 
visitAParamDecl
visitTypeRecord
visitListRecordFieldType: 
visitARecordFieldType
Visiting NAT: 7  14
visitARecordFieldType
Visiting NAT: 7  23
SET the stellIDENT: r 8

Visiting StellaIdent: r
SomereturnType
Visiting NAT: 7  32
visitNoThrowType
visitListDecl: 
visitDotRecord
visitVar
Visiting StellaIdent: r
Before Binding: r . x 
Fucntion go out: 3 2 2 1
Function name: f
AFTER DECL: f  3
Visiting StellaIdent: f
Visiting function declaration for g
visitListAnnotation: 
visitListParamDecl: 
visitAParamDecl
visitTypeFun
visitListType: 
visitTypeRecord
visitListRecordFieldType: 
visitARecordFieldType
Visiting NAT: 11  17
Visiting NAT: 11  26
SET the stellIDENT: k 3

Visiting StellaIdent: k
SomereturnType
Visiting NAT: 11  34
visitNoThrowType
visitListDecl: 
visitApplication 
visitVar
Visiting StellaIdent: k
visitListExpr: 
----Before : 
visitRecord
visitListBinding: 
visitABinding
ConstInt
visitInt: 0
visitABinding
ConstInt
visitInt: 0
Before end application: 3 2
Fucntion go out: 3 2 2 3
Function name: g
AFTER DECL: g  3
Visiting StellaIdent: g
Visiting function declaration for main
visitListAnnotation: 
visitListParamDecl: 
visitAParamDecl
Visiting NAT: 15  12
SET the stellIDENT: n 2

Visiting StellaIdent: n
SomereturnType
Visiting NAT: 15  20
visitNoThrowType
visitListDecl: 
visitApplication 
visitVar
Visiting StellaIdent: g
visitListExpr: 
----Before : 
visitVar
Visiting StellaIdent: f
3   3   ERROR: mismatch argument and not subtyping, on line: 16
<end of output>
Test time =   0.00 sec
----------------------------------------------------------
Test Passed.
"/home/bekzat/Documents/Innopolis/3_years/advance_compiler/week-6-stella-with-universal-types-rkBekzat/tests/subtyping/ill-typed/bad-subtyping-2.stella" end time: May 10 23:39 MSK
"/home/bekzat/Documents/Innopolis/3_years/advance_compiler/week-6-stella-with-universal-types-rkBekzat/tests/subtyping/ill-typed/bad-subtyping-2.stella" time elapsed: 00:00:00
----------------------------------------------------------

28/72 Testing: /home/bekzat/Documents/Innopolis/3_years/advance_compiler/week-6-stella-with-universal-types-rkBekzat/tests/subtyping/ill-typed/bad-subtyping-3.stella
28/72 Test: /home/bekzat/Documents/Innopolis/3_years/advance_compiler/week-6-stella-with-universal-types-rkBekzat/tests/subtyping/ill-typed/bad-subtyping-3.stella
Command: "/home/bekzat/Documents/Innopolis/3_years/advance_compiler/week-6-stella-with-universal-types-rkBekzat/cmake-build-debug/stella-interpreter" "typecheck" "/home/bekzat/Documents/Innopolis/3_years/advance_compiler/week-6-stella-with-universal-types-rkBekzat/tests/subtyping/ill-typed/bad-subtyping-3.stella"
Directory: /home/bekzat/Documents/Innopolis/3_years/advance_compiler/week-6-stella-with-universal-types-rkBekzat/cmake-build-debug
"/home/bekzat/Documents/Innopolis/3_years/advance_compiler/week-6-stella-with-universal-types-rkBekzat/tests/subtyping/ill-typed/bad-subtyping-3.stella" start time: May 10 23:39 MSK
Output:
----------------------------------------------------------
parsing succeeded!
prog is not null
Start Program
visitLanguageCore
visitListExtension: 
visitAnExtensionvisitListExtensionName: 
visitExtensionName: #records
visitExtensionName: #structural-subtyping
visitListDecl: 
Visiting function declaration for f
visitListAnnotation: 
visitListParamDecl: 
visitAParamDecl
visitTypeRecord
visitListRecordFieldType: 
visitARecordFieldType
Visiting NAT: 7  14
SET the stellIDENT: r 8

Visiting StellaIdent: r
SomereturnType
Visiting NAT: 7  23
visitNoThrowType
visitListDecl: 
visitDotRecord
visitVar
Visiting StellaIdent: r
Before Binding: r . x 
Fucntion go out: 3 2 2 1
Function name: f
AFTER DECL: f  3
Visiting StellaIdent: f
Visiting function declaration for g
visitListAnnotation: 
visitListParamDecl: 
visitAParamDecl
visitTypeFun
visitListType: 
visitTypeRecord
visitListRecordFieldType: 
visitARecordFieldType
Visiting NAT: 11  17
visitARecordFieldType
Visiting NAT: 11  26
Visiting NAT: 11  35
SET the stellIDENT: k 3

Visiting StellaIdent: k
SomereturnType
Visiting NAT: 11  43
visitNoThrowType
visitListDecl: 
visitApplication 
visitVar
Visiting StellaIdent: k
visitListExpr: 
----Before : 
visitRecord
visitListBinding: 
visitABinding
ConstInt
visitInt: 0
visitABinding
ConstInt
visitInt: 0
Before end application: 3 2
Fucntion go out: 3 2 2 3
Function name: g
AFTER DECL: g  3
Visiting StellaIdent: g
Visiting function declaration for h
visitListAnnotation: 
visitListParamDecl: 
visitAParamDecl
visitTypeFun
visitListType: 
visitTypeFun
visitListType: 
visitTypeRecord
visitListRecordFieldType: 
visitARecordFieldType
Visiting NAT: 15  20
Visiting NAT: 15  29
Visiting NAT: 15  37
SET the stellIDENT: k 3

Visiting StellaIdent: k
SomereturnType
Visiting NAT: 15  45
visitNoThrowType
visitListDecl: 
visitApplication 
visitVar
Visiting StellaIdent: k
visitListExpr: 
----Before : 
visitAbstraction
visitListParamDecl: 
visitAParamDecl
visitTypeRecord
visitListRecordFieldType: 
visitARecordFieldType
Visiting NAT: 16  24
SET the stellIDENT: r 8

Visiting StellaIdent: r
visitDotRecord
visitVar
Visiting StellaIdent: r
Before Binding: r . z 
EXIT ABSTRACTIONFUNC: 3 2Before end application: 3 2
Fucntion go out: 3 2 2 5
Function name: h
AFTER DECL: h  3
Visiting StellaIdent: h
Visiting function declaration for main
visitListAnnotation: 
visitListParamDecl: 
visitAParamDecl
Visiting NAT: 19  12
SET the stellIDENT: n 2

Visiting StellaIdent: n
SomereturnType
Visiting NAT: 19  20
visitNoThrowType
visitListDecl: 
visitApplication 
visitVar
Visiting StellaIdent: h
visitListExpr: 
----Before : 
visitVar
Visiting StellaIdent: g
3   3   ERROR: mismatch argument and not subtyping, on line: 20
<end of output>
Test time =   0.00 sec
----------------------------------------------------------
Test Passed.
"/home/bekzat/Documents/Innopolis/3_years/advance_compiler/week-6-stella-with-universal-types-rkBekzat/tests/subtyping/ill-typed/bad-subtyping-3.stella" end time: May 10 23:39 MSK
"/home/bekzat/Documents/Innopolis/3_years/advance_compiler/week-6-stella-with-universal-types-rkBekzat/tests/subtyping/ill-typed/bad-subtyping-3.stella" time elapsed: 00:00:00
----------------------------------------------------------

29/72 Testing: /home/bekzat/Documents/Innopolis/3_years/advance_compiler/week-6-stella-with-universal-types-rkBekzat/tests/subtyping/ill-typed/bad-subtyping-4.stella
29/72 Test: /home/bekzat/Documents/Innopolis/3_years/advance_compiler/week-6-stella-with-universal-types-rkBekzat/tests/subtyping/ill-typed/bad-subtyping-4.stella
Command: "/home/bekzat/Documents/Innopolis/3_years/advance_compiler/week-6-stella-with-universal-types-rkBekzat/cmake-build-debug/stella-interpreter" "typecheck" "/home/bekzat/Documents/Innopolis/3_years/advance_compiler/week-6-stella-with-universal-types-rkBekzat/tests/subtyping/ill-typed/bad-subtyping-4.stella"
Directory: /home/bekzat/Documents/Innopolis/3_years/advance_compiler/week-6-stella-with-universal-types-rkBekzat/cmake-build-debug
"/home/bekzat/Documents/Innopolis/3_years/advance_compiler/week-6-stella-with-universal-types-rkBekzat/tests/subtyping/ill-typed/bad-subtyping-4.stella" start time: May 10 23:39 MSK
Output:
----------------------------------------------------------
parsing succeeded!
prog is not null
Start Program
visitLanguageCore
visitListExtension: 
visitAnExtensionvisitListExtensionName: 
visitExtensionName: #records
visitExtensionName: #structural-subtyping
visitExtensionName: #bottom-type
visitListDecl: 
Visiting function declaration for f
visitListAnnotation: 
visitListParamDecl: 
visitAParamDecl
visitTypeRecord
visitListRecordFieldType: 
visitARecordFieldType
Visiting NAT: 8  14
SET the stellIDENT: r 8

Visiting StellaIdent: r
SomereturnType
Visiting NAT: 8  23
visitNoThrowType
visitListDecl: 
visitDotRecord
visitVar
Visiting StellaIdent: r
Before Binding: r . x 
Fucntion go out: 3 2 2 1
Function name: f
AFTER DECL: f  3
Visiting StellaIdent: f
Visiting function declaration for g
visitListAnnotation: 
visitListParamDecl: 
visitAParamDecl
visitTypeFun
visitListType: 
visitTypeRecord
visitListRecordFieldType: 
visitARecordFieldType
Visiting NAT: 12  17
visitARecordFieldType
Visiting NAT: 12  26
Visiting NAT: 12  35
SET the stellIDENT: k 3

Visiting StellaIdent: k
SomereturnType
Visiting NAT: 12  43
visitNoThrowType
visitListDecl: 
visitApplication 
visitVar
Visiting StellaIdent: k
visitListExpr: 
----Before : 
visitRecord
visitListBinding: 
visitABinding
ConstInt
visitInt: 0
visitABinding
ConstInt
visitInt: 0
Before end application: 3 2
Fucntion go out: 3 2 2 3
Function name: g
AFTER DECL: g  3
Visiting StellaIdent: g
Visiting function declaration for h
visitListAnnotation: 
visitListParamDecl: 
visitAParamDecl
visitTypeFun
visitListType: 
visitTypeFun
visitListType: 
visitTypeBottom
Visiting NAT: 16  23
Visiting NAT: 16  31
SET the stellIDENT: k 3

Visiting StellaIdent: k
SomereturnType
Visiting NAT: 16  39
visitNoThrowType
visitListDecl: 
visitApplication 
visitVar
Visiting StellaIdent: k
visitListExpr: 
----Before : 
visitAbstraction
visitListParamDecl: 
visitAParamDecl
visitTypeBottom
SET the stellIDENT: r 3

Visiting StellaIdent: r
visitSucc
ConstInt
visitInt: 0
EXIT ABSTRACTIONFUNC: 3 2Before end application: 3 2
Fucntion go out: 3 2 2 5
Function name: h
AFTER DECL: h  3
Visiting StellaIdent: h
Visiting function declaration for main
visitListAnnotation: 
visitListParamDecl: 
visitAParamDecl
Visiting NAT: 20  12
SET the stellIDENT: n 2

Visiting StellaIdent: n
SomereturnType
Visiting NAT: 20  20
visitNoThrowType
visitListDecl: 
visitApplication 
visitVar
Visiting StellaIdent: h
visitListExpr: 
----Before : 
visitVar
Visiting StellaIdent: g
Before end application: 3 2
Fucntion go out: 3 2 2 7
Function name: main
AFTER DECL: main  3
Visiting StellaIdent: main
<end of output>
Test time =   0.00 sec
----------------------------------------------------------
Test Failed.
"/home/bekzat/Documents/Innopolis/3_years/advance_compiler/week-6-stella-with-universal-types-rkBekzat/tests/subtyping/ill-typed/bad-subtyping-4.stella" end time: May 10 23:39 MSK
"/home/bekzat/Documents/Innopolis/3_years/advance_compiler/week-6-stella-with-universal-types-rkBekzat/tests/subtyping/ill-typed/bad-subtyping-4.stella" time elapsed: 00:00:00
----------------------------------------------------------

30/72 Testing: /home/bekzat/Documents/Innopolis/3_years/advance_compiler/week-6-stella-with-universal-types-rkBekzat/tests/subtyping/ill-typed/bad-subtyping-5.stella
30/72 Test: /home/bekzat/Documents/Innopolis/3_years/advance_compiler/week-6-stella-with-universal-types-rkBekzat/tests/subtyping/ill-typed/bad-subtyping-5.stella
Command: "/home/bekzat/Documents/Innopolis/3_years/advance_compiler/week-6-stella-with-universal-types-rkBekzat/cmake-build-debug/stella-interpreter" "typecheck" "/home/bekzat/Documents/Innopolis/3_years/advance_compiler/week-6-stella-with-universal-types-rkBekzat/tests/subtyping/ill-typed/bad-subtyping-5.stella"
Directory: /home/bekzat/Documents/Innopolis/3_years/advance_compiler/week-6-stella-with-universal-types-rkBekzat/cmake-build-debug
"/home/bekzat/Documents/Innopolis/3_years/advance_compiler/week-6-stella-with-universal-types-rkBekzat/tests/subtyping/ill-typed/bad-subtyping-5.stella" start time: May 10 23:39 MSK
Output:
----------------------------------------------------------
parsing succeeded!
prog is not null
Start Program
visitLanguageCore
visitListExtension: 
visitAnExtensionvisitListExtensionName: 
visitExtensionName: #records
visitExtensionName: #structural-subtyping
visitExtensionName: #top-type
visitExtensionName: #type-cast
visitListDecl: 
Visiting function declaration for f
visitListAnnotation: 
visitListParamDecl: 
visitAParamDecl
visitTypeRecord
visitListRecordFieldType: 
visitARecordFieldType
Visiting NAT: 9  14
SET the stellIDENT: r 8

Visiting StellaIdent: r
SomereturnType
Visiting NAT: 9  23
visitNoThrowType
visitListDecl: 
visitDotRecord
visitVar
Visiting StellaIdent: r
Before Binding: r . x 
Fucntion go out: 3 2 2 1
Function name: f
AFTER DECL: f  3
Visiting StellaIdent: f
Visiting function declaration for g
visitListAnnotation: 
visitListParamDecl: 
visitAParamDecl
visitTypeFun
visitListType: 
visitTypeRecord
visitListRecordFieldType: 
visitARecordFieldType
Visiting NAT: 13  17
visitARecordFieldType
Visiting NAT: 13  26
Visiting NAT: 13  35
SET the stellIDENT: k 3

Visiting StellaIdent: k
SomereturnType
Visiting NAT: 13  43
visitNoThrowType
visitListDecl: 
visitApplication 
visitVar
Visiting StellaIdent: k
visitListExpr: 
----Before : 
visitRecord
visitListBinding: 
visitABinding
ConstInt
visitInt: 0
visitABinding
ConstInt
visitInt: 0
Before end application: 3 2
Fucntion go out: 3 2 2 3
Function name: g
AFTER DECL: g  3
Visiting StellaIdent: g
Visiting function declaration for h
visitListAnnotation: 
visitListParamDecl: 
visitAParamDecl
visitTypeFun
visitListType: 
visitTypeFun
visitListType: 
visitTypeRecord
visitListRecordFieldType: 
visitARecordFieldType
Visiting NAT: 17  20
visitARecordFieldType
Visiting NAT: 17  29
[...]
visitNoThrowType
visitListDecl: 
visitApplication 
visitTypeApplication identity [Nat] 
visitVar
Visiting StellaIdent: identity
ListTypes: 3
LIST TYPE: 3
BEFORE TYPEABSTRACTION: 3 1 11
identity [Nat] AFTER TYPEABSTRACTION: 3 1 2
visitListExpr: 
----Before : 
visitVar
Visiting StellaIdent: x
Before end application: 3 2
Fucntion go out: 3 2 2 3
Function name: main
AFTER DECL: main  3
Visiting StellaIdent: main
<end of output>
Test time =   0.00 sec
----------------------------------------------------------
Test Passed.
"/home/bekzat/Documents/Innopolis/3_years/advance_compiler/week-6-stella-with-universal-types-rkBekzat/tests/universal-types/well-typed/universal-types-2.stella" end time: May 10 23:39 MSK
"/home/bekzat/Documents/Innopolis/3_years/advance_compiler/week-6-stella-with-universal-types-rkBekzat/tests/universal-types/well-typed/universal-types-2.stella" time elapsed: 00:00:00
----------------------------------------------------------

67/72 Testing: /home/bekzat/Documents/Innopolis/3_years/advance_compiler/week-6-stella-with-universal-types-rkBekzat/tests/universal-types/well-typed/universal-types-3.stella
67/72 Test: /home/bekzat/Documents/Innopolis/3_years/advance_compiler/week-6-stella-with-universal-types-rkBekzat/tests/universal-types/well-typed/universal-types-3.stella
Command: "/home/bekzat/Documents/Innopolis/3_years/advance_compiler/week-6-stella-with-universal-types-rkBekzat/cmake-build-debug/stella-interpreter" "typecheck" "/home/bekzat/Documents/Innopolis/3_years/advance_compiler/week-6-stella-with-universal-types-rkBekzat/tests/universal-types/well-typed/universal-types-3.stella"
Directory: /home/bekzat/Documents/Innopolis/3_years/advance_compiler/week-6-stella-with-universal-types-rkBekzat/cmake-build-debug
"/home/bekzat/Documents/Innopolis/3_years/advance_compiler/week-6-stella-with-universal-types-rkBekzat/tests/universal-types/well-typed/universal-types-3.stella" start time: May 10 23:39 MSK
Output:
----------------------------------------------------------
parsing succeeded!
prog is not null
Start Program
visitLanguageCore
visitListExtension: 
visitAnExtensionvisitListExtensionName: 
visitExtensionName: #universal-types
visitListDecl: 
visitDeclFunGeneric
X, Y 
visitListAnnotation: 
Visiting StellaIdent: const
visitListParamDecl: 
visitAParamDecl
visitTypeVar
Visiting StellaIdent: X
SET the stellIDENT: x 11

Visiting StellaIdent: x
SomereturnType
visitTypeFun
visitListType: 
visitTypeVar
Visiting StellaIdent: Y
visitTypeVar
Visiting StellaIdent: X
visitNoThrowType
visitListDecl: 
visitAbstraction
visitListParamDecl: 
visitAParamDecl
visitTypeVar
Visiting StellaIdent: Y
SET the stellIDENT: y 11

Visiting StellaIdent: y
visitVar
Visiting StellaIdent: x
EXIT ABSTRACTIONFUNC: 3 11EXIT GENERIc func: 3
Generic Fucntion go out: 3 3 3 2
Generic Function name: const
Visiting function declaration for main
visitListAnnotation: 
visitListParamDecl: 
visitAParamDecl
Visiting NAT: 10  12
SET the stellIDENT: x 2

Visiting StellaIdent: x
SomereturnType
Visiting NAT: 10  20
visitNoThrowType
visitListDecl: 
visitApplication 
visitApplication 
visitTypeApplication const [Nat, Bool] 
visitVar
Visiting StellaIdent: const
ListTypes: 3
LIST TYPE: 3
BEFORE TYPEABSTRACTION: 3 1 11
const [Nat, Bool] AFTER TYPEABSTRACTION: 3 1 2
visitListExpr: 
----Before : 
visitVar
Visiting StellaIdent: x
Before end application: 3 3
visitListExpr: 
----Before : 
ConstFalse
Before end application: 3 2
Fucntion go out: 3 2 2 3
Function name: main
AFTER DECL: main  3
Visiting StellaIdent: main
<end of output>
Test time =   0.00 sec
----------------------------------------------------------
Test Passed.
"/home/bekzat/Documents/Innopolis/3_years/advance_compiler/week-6-stella-with-universal-types-rkBekzat/tests/universal-types/well-typed/universal-types-3.stella" end time: May 10 23:39 MSK
"/home/bekzat/Documents/Innopolis/3_years/advance_compiler/week-6-stella-with-universal-types-rkBekzat/tests/universal-types/well-typed/universal-types-3.stella" time elapsed: 00:00:00
----------------------------------------------------------

68/72 Testing: /home/bekzat/Documents/Innopolis/3_years/advance_compiler/week-6-stella-with-universal-types-rkBekzat/tests/universal-types/well-typed/universal-types-4.stella
68/72 Test: /home/bekzat/Documents/Innopolis/3_years/advance_compiler/week-6-stella-with-universal-types-rkBekzat/tests/universal-types/well-typed/universal-types-4.stella
Command: "/home/bekzat/Documents/Innopolis/3_years/advance_compiler/week-6-stella-with-universal-types-rkBekzat/cmake-build-debug/stella-interpreter" "typecheck" "/home/bekzat/Documents/Innopolis/3_years/advance_compiler/week-6-stella-with-universal-types-rkBekzat/tests/universal-types/well-typed/universal-types-4.stella"
Directory: /home/bekzat/Documents/Innopolis/3_years/advance_compiler/week-6-stella-with-universal-types-rkBekzat/cmake-build-debug
"/home/bekzat/Documents/Innopolis/3_years/advance_compiler/week-6-stella-with-universal-types-rkBekzat/tests/universal-types/well-typed/universal-types-4.stella" start time: May 10 23:39 MSK
Output:
----------------------------------------------------------
parsing succeeded!
prog is not null
Start Program
visitLanguageCore
visitListExtension: 
visitAnExtensionvisitListExtensionName: 
visitExtensionName: #universal-types
visitListDecl: 
visitDeclFunGeneric
X 
visitListAnnotation: 
Visiting StellaIdent: const
visitListParamDecl: 
visitAParamDecl
visitTypeVar
Visiting StellaIdent: X
SET the stellIDENT: x 11

Visiting StellaIdent: x
SomereturnType
visitTypeForAll forall Y . fn (Y) -> X 
TYPE: Y 
visitListStellaIdent: 
Visiting StellaIdent: Y
visitTypeFun
visitListType: 
visitTypeVar
Visiting StellaIdent: Y
visitTypeVar
Visiting StellaIdent: X
visitNoThrowType
visitListDecl: 
visitTypeAbstraction fn (y : Y)
{
  return x
}

visitListStellaIdent: 
Visiting StellaIdent: Y
visitAbstraction
visitListParamDecl: 
visitAParamDecl
visitTypeVar
Visiting StellaIdent: Y
SET the stellIDENT: y 11

Visiting StellaIdent: y
visitVar
Visiting StellaIdent: x
EXIT ABSTRACTIONFUNC: 3 11AFTER TYPE ABSTRACT: 3 1  GENERICS: Y 
EXIT GENERIc func: 3
Generic Fucntion go out: 3 3 3 4
Generic Function name: const
Visiting function declaration for main
visitListAnnotation: 
visitListParamDecl: 
visitAParamDecl
Visiting NAT: 10  12
SET the stellIDENT: x 2

Visiting StellaIdent: x
SomereturnType
Visiting NAT: 10  20
visitNoThrowType
visitListDecl: 
visitApplication 
visitTypeApplication const [Nat] (x) [Bool] 
visitApplication 
visitTypeApplication const [Nat] 
visitVar
Visiting StellaIdent: const
ListTypes: 3
LIST TYPE: 3
BEFORE TYPEABSTRACTION: 3 1 11
const [Nat] AFTER TYPEABSTRACTION: 3 1 2
visitListExpr: 
----Before : 
visitVar
Visiting StellaIdent: x
Before end application: 3 3
ListTypes: 3
LIST TYPE: 3
BEFORE TYPEABSTRACTION: 3 1 11
const [Nat] (x) [Bool] AFTER TYPEABSTRACTION: 3 1 1
visitListExpr: 
----Before : 
ConstFalse
Before end application: 3 2
Fucntion go out: 3 2 2 5
Function name: main
AFTER DECL: main  3
Visiting StellaIdent: main
<end of output>
Test time =   0.00 sec
----------------------------------------------------------
Test Passed.
"/home/bekzat/Documents/Innopolis/3_years/advance_compiler/week-6-stella-with-universal-types-rkBekzat/tests/universal-types/well-typed/universal-types-4.stella" end time: May 10 23:39 MSK
"/home/bekzat/Documents/Innopolis/3_years/advance_compiler/week-6-stella-with-universal-types-rkBekzat/tests/universal-types/well-typed/universal-types-4.stella" time elapsed: 00:00:00
----------------------------------------------------------

69/72 Testing: /home/bekzat/Documents/Innopolis/3_years/advance_compiler/week-6-stella-with-universal-types-rkBekzat/tests/universal-types/well-typed/universal-types-5.stella
69/72 Test: /home/bekzat/Documents/Innopolis/3_years/advance_compiler/week-6-stella-with-universal-types-rkBekzat/tests/universal-types/well-typed/universal-types-5.stella
Command: "/home/bekzat/Documents/Innopolis/3_years/advance_compiler/week-6-stella-with-universal-types-rkBekzat/cmake-build-debug/stella-interpreter" "typecheck" "/home/bekzat/Documents/Innopolis/3_years/advance_compiler/week-6-stella-with-universal-types-rkBekzat/tests/universal-types/well-typed/universal-types-5.stella"
Directory: /home/bekzat/Documents/Innopolis/3_years/advance_compiler/week-6-stella-with-universal-types-rkBekzat/cmake-build-debug
"/home/bekzat/Documents/Innopolis/3_years/advance_compiler/week-6-stella-with-universal-types-rkBekzat/tests/universal-types/well-typed/universal-types-5.stella" start time: May 10 23:39 MSK
Output:
----------------------------------------------------------
parsing succeeded!
prog is not null
Start Program
visitLanguageCore
visitListExtension: 
visitAnExtensionvisitListExtensionName: 
visitExtensionName: #universal-types
visitListDecl: 
visitDeclFunGeneric
X 
visitListAnnotation: 
Visiting StellaIdent: const
visitListParamDecl: 
visitAParamDecl
visitTypeVar
Visiting StellaIdent: X
SET the stellIDENT: x 11

Visiting StellaIdent: x
SomereturnType
visitTypeForAll forall Y . fn (Y) -> X 
TYPE: Y 
visitListStellaIdent: 
Visiting StellaIdent: Y
visitTypeFun
visitListType: 
visitTypeVar
Visiting StellaIdent: Y
visitTypeVar
Visiting StellaIdent: X
visitNoThrowType
visitListDecl: 
visitTypeAbstraction fn (y : Y)
{
  return x
}

visitListStellaIdent: 
Visiting StellaIdent: Y
visitAbstraction
visitListParamDecl: 
visitAParamDecl
visitTypeVar
Visiting StellaIdent: Y
SET the stellIDENT: y 11

Visiting StellaIdent: y
visitVar
Visiting StellaIdent: x
EXIT ABSTRACTIONFUNC: 3 11AFTER TYPE ABSTRACT: 3 1  GENERICS: Y 
EXIT GENERIc func: 3
Generic Fucntion go out: 3 3 3 4
Generic Function name: const
visitDeclFunGeneric
X 
visitListAnnotation: 
Visiting StellaIdent: ignore
visitListParamDecl: 
visitAParamDecl
visitTypeVar
Visiting StellaIdent: X
SET the stellIDENT: x 11

Visiting StellaIdent: x
SomereturnType
visitTypeForAll forall Y . fn (Y) -> Y 
TYPE: Y 
visitListStellaIdent: 
Visiting StellaIdent: Y
visitTypeFun
visitListType: 
visitTypeVar
Visiting StellaIdent: Y
visitTypeVar
Visiting StellaIdent: Y
visitNoThrowType
visitListDecl: 
visitTypeAbstraction fn (y : Y)
{
  return y
}

visitListStellaIdent: 
Visiting StellaIdent: Y
visitAbstraction
visitListParamDecl: 
visitAParamDecl
visitTypeVar
Visiting StellaIdent: Y
SET the stellIDENT: y 11

Visiting StellaIdent: y
visitVar
Visiting StellaIdent: y
EXIT ABSTRACTIONFUNC: 3 11AFTER TYPE ABSTRACT: 3 1  GENERICS: Y 
EXIT GENERIc func: 3
Generic Fucntion go out: 3 3 3 8
Generic Function name: ignore
visitDeclFunGeneric
Y 
visitListAnnotation: 
Visiting StellaIdent: mkIdentity
visitListParamDecl: 
visitAParamDecl
visitTypeVar
Visiting StellaIdent: Y
SET the stellIDENT: x 11

Visiting StellaIdent: x
SomereturnType
visitTypeFun
visitListType: 
visitTypeVar
Visiting StellaIdent: Y
visitTypeVar
Visiting StellaIdent: Y
visitNoThrowType
visitListDecl: 
visitTypeApplication ignore [Y] (x) [Y] 
visitApplication 
visitTypeApplication ignore [Y] 
visitVar
Visiting StellaIdent: ignore
ListTypes: 3
LIST TYPE: 3
BEFORE TYPEABSTRACTION: 3 1 11
ignore [Y] AFTER TYPEABSTRACTION: 3 1 1
visitListExpr: 
----Before : 
visitVar
Visiting StellaIdent: x
11   1   ERROR: mismatch argument and not subtyping, on line: 15
<end of output>
Test time =   0.00 sec
----------------------------------------------------------
Test Failed.
"/home/bekzat/Documents/Innopolis/3_years/advance_compiler/week-6-stella-with-universal-types-rkBekzat/tests/universal-types/well-typed/universal-types-5.stella" end time: May 10 23:39 MSK
"/home/bekzat/Documents/Innopolis/3_years/advance_compiler/week-6-stella-with-universal-types-rkBekzat/tests/universal-types/well-typed/universal-types-5.stella" time elapsed: 00:00:00
----------------------------------------------------------

70/72 Testing: /home/bekzat/Documents/Innopolis/3_years/advance_compiler/week-6-stella-with-universal-types-rkBekzat/tests/universal-types/well-typed/universal-types-6.stella
70/72 Test: /home/bekzat/Documents/Innopolis/3_years/advance_compiler/week-6-stella-with-universal-types-rkBekzat/tests/universal-types/well-typed/universal-types-6.stella
Command: "/home/bekzat/Documents/Innopolis/3_years/advance_compiler/week-6-stella-with-universal-types-rkBekzat/cmake-build-debug/stella-interpreter" "typecheck" "/home/bekzat/Documents/Innopolis/3_years/advance_compiler/week-6-stella-with-universal-types-rkBekzat/tests/universal-types/well-typed/universal-types-6.stella"
Directory: /home/bekzat/Documents/Innopolis/3_years/advance_compiler/week-6-stella-with-universal-types-rkBekzat/cmake-build-debug
"/home/bekzat/Documents/Innopolis/3_years/advance_compiler/week-6-stella-with-universal-types-rkBekzat/tests/universal-types/well-typed/universal-types-6.stella" start time: May 10 23:39 MSK
Output:
----------------------------------------------------------
parsing succeeded!
prog is not null
Start Program
visitLanguageCore
visitListExtension: 
visitAnExtensionvisitListExtensionName: 
visitExtensionName: #universal-types
visitListDecl: 
visitDeclFunGeneric
Y 
visitListAnnotation: 
Visiting StellaIdent: test
visitListParamDecl: 
visitAParamDecl
visitTypeVar
Visiting StellaIdent: Y
SET the stellIDENT: y 11

Visiting StellaIdent: y
SomereturnType
visitTypeFun
visitListType: 
visitTypeForAll forall X . fn (X) -> forall Y . fn (Y) -> X 
TYPE: X 
visitListStellaIdent: 
Visiting StellaIdent: X
visitTypeFun
visitListType: 
visitTypeVar
Visiting StellaIdent: X
visitTypeForAll forall Y . fn (Y) -> X 
TYPE: Y 
visitListStellaIdent: 
Visiting StellaIdent: Y
visitTypeFun
visitListType: 
visitTypeVar
Visiting StellaIdent: Y
visitTypeVar
Visiting StellaIdent: X
visitTypeVar
Visiting StellaIdent: Y
visitNoThrowType
visitListDecl: 
visitAbstraction
visitListParamDecl: 
visitAParamDecl
visitTypeForAll forall X . fn (X) -> forall Y . fn (Y) -> X 
TYPE: X 
visitListStellaIdent: 
Visiting StellaIdent: X
visitTypeFun
visitListType: 
visitTypeVar
Visiting StellaIdent: X
visitTypeForAll forall Y . fn (Y) -> X 
TYPE: Y 
visitListStellaIdent: 
Visiting StellaIdent: Y
visitTypeFun
visitListType: 
visitTypeVar
Visiting StellaIdent: Y
visitTypeVar
Visiting StellaIdent: X
SET the stellIDENT: f 3

Visiting StellaIdent: f
visitApplication 
visitTypeApplication f [Y] (y) [Bool] 
visitApplication 
visitTypeApplication f [Y] 
visitVar
Visiting StellaIdent: f
ListTypes: 3
LIST TYPE: 3
BEFORE TYPEABSTRACTION: 3 1 11
f [Y] AFTER TYPEABSTRACTION: 3 1 1
visitListExpr: 
----Before : 
visitVar
Visiting StellaIdent: y
11   1   ERROR: mismatch argument and not subtyping, on line: 9
<end of output>
Test time =   0.00 sec
----------------------------------------------------------
Test Failed.
"/home/bekzat/Documents/Innopolis/3_years/advance_compiler/week-6-stella-with-universal-types-rkBekzat/tests/universal-types/well-typed/universal-types-6.stella" end time: May 10 23:39 MSK
"/home/bekzat/Documents/Innopolis/3_years/advance_compiler/week-6-stella-with-universal-types-rkBekzat/tests/universal-types/well-typed/universal-types-6.stella" time elapsed: 00:00:00
----------------------------------------------------------

71/72 Testing: /home/bekzat/Documents/Innopolis/3_years/advance_compiler/week-6-stella-with-universal-types-rkBekzat/tests/variants/well-typed/variants-1.stella
71/72 Test: /home/bekzat/Documents/Innopolis/3_years/advance_compiler/week-6-stella-with-universal-types-rkBekzat/tests/variants/well-typed/variants-1.stella
Command: "/home/bekzat/Documents/Innopolis/3_years/advance_compiler/week-6-stella-with-universal-types-rkBekzat/cmake-build-debug/stella-interpreter" "typecheck" "/home/bekzat/Documents/Innopolis/3_years/advance_compiler/week-6-stella-with-universal-types-rkBekzat/tests/variants/well-typed/variants-1.stella"
Directory: /home/bekzat/Documents/Innopolis/3_years/advance_compiler/week-6-stella-with-universal-types-rkBekzat/cmake-build-debug
"/home/bekzat/Documents/Innopolis/3_years/advance_compiler/week-6-stella-with-universal-types-rkBekzat/tests/variants/well-typed/variants-1.stella" start time: May 10 23:39 MSK
Output:
----------------------------------------------------------
parsing succeeded!
prog is not null
Start Program
visitLanguageCore
visitListExtension: 
visitAnExtensionvisitListExtensionName: 
visitExtensionName: #variants
visitAnExtensionvisitListExtensionName: 
visitExtensionName: #type-ascriptions
visitListDecl: 
Visiting function declaration for g
visitListAnnotation: 
visitListParamDecl: 
visitAParamDecl
visitTypeVariant
visitListVariantFieldType: 
visitAVariantFieldType
Visiting StellaIdent: number
visitSomeTyping
Visiting NAT: 5  21
visitAVariantFieldType
Visiting StellaIdent: boolean
visitSomeTyping
visitBool
AMAZING WOKR: Bool 

visitAVariantFieldType
Visiting StellaIdent: function
visitSomeTyping
visitTypeFun
visitListType: 
Visiting NAT: 5  56
Visiting NAT: 5  64
SET the stellIDENT: x 3

Visiting StellaIdent: x
SomereturnType
Visiting NAT: 5  75
visitNoThrowType
visitListDecl: 
visitMatch
visitVar
Visiting StellaIdent: x
ERROR: It's not sum type. On line6 at position: 9
<end of output>
Test time =   0.00 sec
----------------------------------------------------------
Test Failed.
"/home/bekzat/Documents/Innopolis/3_years/advance_compiler/week-6-stella-with-universal-types-rkBekzat/tests/variants/well-typed/variants-1.stella" end time: May 10 23:39 MSK
"/home/bekzat/Documents/Innopolis/3_years/advance_compiler/week-6-stella-with-universal-types-rkBekzat/tests/variants/well-typed/variants-1.stella" time elapsed: 00:00:00
----------------------------------------------------------

72/72 Testing: /home/bekzat/Documents/Innopolis/3_years/advance_compiler/week-6-stella-with-universal-types-rkBekzat/tests/variants/well-typed/variants-2.stella
72/72 Test: /home/bekzat/Documents/Innopolis/3_years/advance_compiler/week-6-stella-with-universal-types-rkBekzat/tests/variants/well-typed/variants-2.stella
Command: "/home/bekzat/Documents/Innopolis/3_years/advance_compiler/week-6-stella-with-universal-types-rkBekzat/cmake-build-debug/stella-interpreter" "typecheck" "/home/bekzat/Documents/Innopolis/3_years/advance_compiler/week-6-stella-with-universal-types-rkBekzat/tests/variants/well-typed/variants-2.stella"
Directory: /home/bekzat/Documents/Innopolis/3_years/advance_compiler/week-6-stella-with-universal-types-rkBekzat/cmake-build-debug
"/home/bekzat/Documents/Innopolis/3_years/advance_compiler/week-6-stella-with-universal-types-rkBekzat/tests/variants/well-typed/variants-2.stella" start time: May 10 23:39 MSK
Output:
----------------------------------------------------------
parsing succeeded!
prog is not null
Start Program
visitLanguageCore
visitListExtension: 
visitAnExtensionvisitListExtensionName: 
visitExtensionName: #variants
visitListDecl: 
Visiting function declaration for g
visitListAnnotation: 
visitListParamDecl: 
visitAParamDecl
visitTypeVariant
visitListVariantFieldType: 
visitAVariantFieldType
Visiting StellaIdent: number
visitSomeTyping
Visiting NAT: 4  21
visitAVariantFieldType
Visiting StellaIdent: boolean
visitSomeTyping
visitBool
AMAZING WOKR: Bool 

visitAVariantFieldType
Visiting StellaIdent: function
visitSomeTyping
visitTypeFun
visitListType: 
Visiting NAT: 4  56
Visiting NAT: 4  64
SET the stellIDENT: x 3

Visiting StellaIdent: x
SomereturnType
Visiting NAT: 4  75
visitNoThrowType
visitListDecl: 
visitMatch
visitVar
Visiting StellaIdent: x
ERROR: It's not sum type. On line5 at position: 9
<end of output>
Test time =   0.00 sec
----------------------------------------------------------
Test Failed.
"/home/bekzat/Documents/Innopolis/3_years/advance_compiler/week-6-stella-with-universal-types-rkBekzat/tests/variants/well-typed/variants-2.stella" end time: May 10 23:39 MSK
"/home/bekzat/Documents/Innopolis/3_years/advance_compiler/week-6-stella-with-universal-types-rkBekzat/tests/variants/well-typed/variants-2.stella" time elapsed: 00:00:00
----------------------------------------------------------

End testing: May 10 23:39 MSK
